# JRE version: OpenJDK Runtime Environment (8.0_242-b01) (build 1.8.0_242-release-1644-b01)
# Java VM: OpenJDK 64-Bit Server VM (25.242-b01 mixed mode windows-amd64 compressed oops)
Heap:
 PSYoungGen      total 213504K, used 72873K [0x00000000d5580000, 0x00000000e4700000, 0x0000000100000000)
  eden space 185344K, 24% used [0x00000000d5580000,0x00000000d812b000,0x00000000e0a80000)
  from space 28160K, 99% used [0x00000000e0a80000,0x00000000e25ff5e8,0x00000000e2600000)
  to   space 19968K, 0% used [0x00000000e2600000,0x00000000e2600000,0x00000000e3980000)
 ParOldGen       total 112128K, used 58934K [0x0000000080000000, 0x0000000086d80000, 0x00000000d5580000)
  object space 112128K, 52% used [0x0000000080000000,0x000000008398da50,0x0000000086d80000)
 Metaspace       used 73162K, capacity 76862K, committed 76952K, reserved 1116160K
  class space    used 9930K, capacity 10606K, committed 10672K, reserved 1048576K
GC Heap History (10 events):
Event: 25.599 GC heap before
{Heap before GC invocations=16 (full 2):
 PSYoungGen      total 148992K, used 124737K [0x00000000d5580000, 0x00000000e1080000, 0x0000000100000000)
  eden space 136704K, 82% used [0x00000000d5580000,0x00000000dc355248,0x00000000ddb00000)
  from space 12288K, 99% used [0x00000000ddb00000,0x00000000de6fb388,0x00000000de700000)
  to   space 16384K, 0% used [0x00000000e0080000,0x00000000e0080000,0x00000000e1080000)
 ParOldGen       total 70656K, used 19917K [0x0000000080000000, 0x0000000084500000, 0x00000000d5580000)
  object space 70656K, 28% used [0x0000000080000000,0x00000000813736f8,0x0000000084500000)
 Metaspace       used 56668K, capacity 58988K, committed 59160K, reserved 1099776K
  class space    used 7675K, capacity 8131K, committed 8240K, reserved 1048576K
Event: 25.629 GC heap after
Heap after GC invocations=16 (full 2):
 PSYoungGen      total 173568K, used 13684K [0x00000000d5580000, 0x00000000e1f80000, 0x0000000100000000)
  eden space 157184K, 0% used [0x00000000d5580000,0x00000000d5580000,0x00000000def00000)
  from space 16384K, 83% used [0x00000000e0080000,0x00000000e0ddd250,0x00000000e1080000)
  to   space 17920K, 0% used [0x00000000def00000,0x00000000def00000,0x00000000e0080000)
 ParOldGen       total 70656K, used 27290K [0x0000000080000000, 0x0000000084500000, 0x00000000d5580000)
  object space 70656K, 38% used [0x0000000080000000,0x0000000081aa6ba0,0x0000000084500000)
 Metaspace       used 56668K, capacity 58988K, committed 59160K, reserved 1099776K
  class space    used 7675K, capacity 8131K, committed 8240K, reserved 1048576K
}
Event: 25.630 GC heap before
{Heap before GC invocations=17 (full 3):
 PSYoungGen      total 173568K, used 13684K [0x00000000d5580000, 0x00000000e1f80000, 0x0000000100000000)
  eden space 157184K, 0% used [0x00000000d5580000,0x00000000d5580000,0x00000000def00000)
  from space 16384K, 83% used [0x00000000e0080000,0x00000000e0ddd250,0x00000000e1080000)
  to   space 17920K, 0% used [0x00000000def00000,0x00000000def00000,0x00000000e0080000)
 ParOldGen       total 70656K, used 27290K [0x0000000080000000, 0x0000000084500000, 0x00000000d5580000)
  object space 70656K, 38% used [0x0000000080000000,0x0000000081aa6ba0,0x0000000084500000)
 Metaspace       used 56668K, capacity 58988K, committed 59160K, reserved 1099776K
  class space    used 7675K, capacity 8131K, committed 8240K, reserved 1048576K
Event: 25.930 GC heap after
Heap after GC invocations=17 (full 3):
 PSYoungGen      total 173568K, used 0K [0x00000000d5580000, 0x00000000e1f80000, 0x0000000100000000)
  eden space 157184K, 0% used [0x00000000d5580000,0x00000000d5580000,0x00000000def00000)
  from space 16384K, 0% used [0x00000000e0080000,0x00000000e0080000,0x00000000e1080000)
  to   space 17920K, 0% used [0x00000000def00000,0x00000000def00000,0x00000000e0080000)
 ParOldGen       total 112128K, used 35560K [0x0000000080000000, 0x0000000086d80000, 0x00000000d5580000)
  object space 112128K, 31% used [0x0000000080000000,0x00000000822ba288,0x0000000086d80000)
 Metaspace       used 56627K, capacity 58850K, committed 59160K, reserved 1099776K
  class space    used 7663K, capacity 8108K, committed 8240K, reserved 1048576K
}
Event: 30.519 GC heap before
{Heap before GC invocations=18 (full 3):
 PSYoungGen      total 173568K, used 157184K [0x00000000d5580000, 0x00000000e1f80000, 0x0000000100000000)
  eden space 157184K, 100% used [0x00000000d5580000,0x00000000def00000,0x00000000def00000)
  from space 16384K, 0% used [0x00000000e0080000,0x00000000e0080000,0x00000000e1080000)
  to   space 17920K, 0% used [0x00000000def00000,0x00000000def00000,0x00000000e0080000)
 ParOldGen       total 112128K, used 35560K [0x0000000080000000, 0x0000000086d80000, 0x00000000d5580000)
  object space 112128K, 31% used [0x0000000080000000,0x00000000822ba288,0x0000000086d80000)
 Metaspace       used 65685K, capacity 68946K, committed 69144K, reserved 1107968K
  class space    used 9085K, capacity 9674K, committed 9776K, reserved 1048576K
Event: 30.534 GC heap after
Heap after GC invocations=18 (full 3):
 PSYoungGen      total 175104K, used 15553K [0x00000000d5580000, 0x00000000e3980000, 0x0000000100000000)
  eden space 157184K, 0% used [0x00000000d5580000,0x00000000d5580000,0x00000000def00000)
  from space 17920K, 86% used [0x00000000def00000,0x00000000dfe307d8,0x00000000e0080000)
  to   space 19968K, 0% used [0x00000000e2600000,0x00000000e2600000,0x00000000e3980000)
 ParOldGen       total 112128K, used 35568K [0x0000000080000000, 0x0000000086d80000, 0x00000000d5580000)
  object space 112128K, 31% used [0x0000000080000000,0x00000000822bc288,0x0000000086d80000)
 Metaspace       used 65685K, capacity 68946K, committed 69144K, reserved 1107968K
  class space    used 9085K, capacity 9674K, committed 9776K, reserved 1048576K
}
Event: 34.386 GC heap before
{Heap before GC invocations=19 (full 3):
 PSYoungGen      total 175104K, used 172065K [0x00000000d5580000, 0x00000000e3980000, 0x0000000100000000)
  eden space 157184K, 99% used [0x00000000d5580000,0x00000000dee58018,0x00000000def00000)
  from space 17920K, 86% used [0x00000000def00000,0x00000000dfe307d8,0x00000000e0080000)
  to   space 19968K, 0% used [0x00000000e2600000,0x00000000e2600000,0x00000000e3980000)
 ParOldGen       total 112128K, used 35568K [0x0000000080000000, 0x0000000086d80000, 0x00000000d5580000)
  object space 112128K, 31% used [0x0000000080000000,0x00000000822bc288,0x0000000086d80000)
 Metaspace       used 68337K, capacity 71762K, committed 71960K, reserved 1112064K
  class space    used 9349K, capacity 9992K, committed 10032K, reserved 1048576K
Event: 34.418 GC heap after
Heap after GC invocations=19 (full 3):
 PSYoungGen      total 205312K, used 19960K [0x00000000d5580000, 0x00000000e4700000, 0x0000000100000000)
  eden space 185344K, 0% used [0x00000000d5580000,0x00000000d5580000,0x00000000e0a80000)
  from space 19968K, 99% used [0x00000000e2600000,0x00000000e397e220,0x00000000e3980000)
  to   space 28160K, 0% used [0x00000000e0a80000,0x00000000e0a80000,0x00000000e2600000)
 ParOldGen       total 112128K, used 48828K [0x0000000080000000, 0x0000000086d80000, 0x00000000d5580000)
  object space 112128K, 43% used [0x0000000080000000,0x0000000082faf2e0,0x0000000086d80000)
 Metaspace       used 68337K, capacity 71762K, committed 71960K, reserved 1112064K
  class space    used 9349K, capacity 9992K, committed 10032K, reserved 1048576K
}
Event: 38.217 GC heap before
{Heap before GC invocations=20 (full 3):
 PSYoungGen      total 205312K, used 205304K [0x00000000d5580000, 0x00000000e4700000, 0x0000000100000000)
  eden space 185344K, 100% used [0x00000000d5580000,0x00000000e0a80000,0x00000000e0a80000)
  from space 19968K, 99% used [0x00000000e2600000,0x00000000e397e220,0x00000000e3980000)
  to   space 28160K, 0% used [0x00000000e0a80000,0x00000000e0a80000,0x00000000e2600000)
 ParOldGen       total 112128K, used 48828K [0x0000000080000000, 0x0000000086d80000, 0x00000000d5580000)
  object space 112128K, 43% used [0x0000000080000000,0x0000000082faf2e0,0x0000000086d80000)
 Metaspace       used 72329K, capacity 75972K, committed 76056K, reserved 1114112K
  class space    used 9802K, capacity 10489K, committed 10544K, reserved 1048576K
Event: 38.247 GC heap after
Heap after GC invocations=20 (full 3):
 PSYoungGen      total 213504K, used 28157K [0x00000000d5580000, 0x00000000e4700000, 0x0000000100000000)
  eden space 185344K, 0% used [0x00000000d5580000,0x00000000d5580000,0x00000000e0a80000)
  from space 28160K, 99% used [0x00000000e0a80000,0x00000000e25ff5e8,0x00000000e2600000)
  to   space 19968K, 0% used [0x00000000e2600000,0x00000000e2600000,0x00000000e3980000)
 ParOldGen       total 112128K, used 58934K [0x0000000080000000, 0x0000000086d80000, 0x00000000d5580000)
  object space 112128K, 52% used [0x0000000080000000,0x000000008398da50,0x0000000086d80000)
 Metaspace       used 72329K, capacity 75972K, committed 76056K, reserved 1114112K
  class space    used 9802K, capacity 10489K, committed 10544K, reserved 1048576K
}

