# JRE version: OpenJDK Runtime Environment (8.0_242-b01) (build 1.8.0_242-release-1644-b01)
# Java VM: OpenJDK 64-Bit Server VM (25.242-b01 mixed mode windows-amd64 compressed oops)
Heap:
 PSYoungGen      total 443392K, used 65634K [0x00000000d5580000, 0x00000000f2880000, 0x0000000100000000)
  eden space 408576K, 16% used [0x00000000d5580000,0x00000000d9598880,0x00000000ee480000)
  from space 34816K, 0% used [0x00000000ee480000,0x00000000ee480000,0x00000000f0680000)
  to   space 28672K, 0% used [0x00000000f0800000,0x00000000f0800000,0x00000000f2400000)
 ParOldGen       total 97280K, used 88071K [0x0000000080000000, 0x0000000085f00000, 0x00000000d5580000)
  object space 97280K, 90% used [0x0000000080000000,0x0000000085601ff8,0x0000000085f00000)
 Metaspace       used 95940K, capacity 100886K, committed 102168K, reserved 1136640K
  class space    used 12676K, capacity 13619K, committed 14104K, reserved 1048576K
GC Heap History (10 events):
Event: 731.360 GC heap before
{Heap before GC invocations=17 (full 3):
 PSYoungGen      total 275968K, used 275951K [0x00000000d5580000, 0x00000000ed400000, 0x0000000100000000)
  eden space 256512K, 100% used [0x00000000d5580000,0x00000000e5000000,0x00000000e5000000)
  from space 19456K, 99% used [0x00000000e5000000,0x00000000e62fbdf0,0x00000000e6300000)
  to   space 24064K, 0% used [0x00000000ebc80000,0x00000000ebc80000,0x00000000ed400000)
 ParOldGen       total 97280K, used 34415K [0x0000000080000000, 0x0000000085f00000, 0x00000000d5580000)
  object space 97280K, 35% used [0x0000000080000000,0x000000008219be48,0x0000000085f00000)
 Metaspace       used 75201K, capacity 78720K, committed 78744K, reserved 1118208K
  class space    used 9998K, capacity 10635K, committed 10648K, reserved 1048576K
Event: 731.406 GC heap after
Heap after GC invocations=17 (full 3):
 PSYoungGen      total 351232K, used 18555K [0x00000000d5580000, 0x00000000ecf00000, 0x0000000100000000)
  eden space 332288K, 0% used [0x00000000d5580000,0x00000000d5580000,0x00000000e9a00000)
  from space 18944K, 97% used [0x00000000ebc80000,0x00000000ece9ed28,0x00000000ecf00000)
  to   space 25600K, 0% used [0x00000000e9d00000,0x00000000e9d00000,0x00000000eb600000)
 ParOldGen       total 97280K, used 47902K [0x0000000080000000, 0x0000000085f00000, 0x00000000d5580000)
  object space 97280K, 49% used [0x0000000080000000,0x0000000082ec7988,0x0000000085f00000)
 Metaspace       used 75201K, capacity 78720K, committed 78744K, reserved 1118208K
  class space    used 9998K, capacity 10635K, committed 10648K, reserved 1048576K
}
Event: 1177.713 GC heap before
{Heap before GC invocations=18 (full 3):
 PSYoungGen      total 351232K, used 350843K [0x00000000d5580000, 0x00000000ecf00000, 0x0000000100000000)
  eden space 332288K, 100% used [0x00000000d5580000,0x00000000e9a00000,0x00000000e9a00000)
  from space 18944K, 97% used [0x00000000ebc80000,0x00000000ece9ed28,0x00000000ecf00000)
  to   space 25600K, 0% used [0x00000000e9d00000,0x00000000e9d00000,0x00000000eb600000)
 ParOldGen       total 97280K, used 47902K [0x0000000080000000, 0x0000000085f00000, 0x00000000d5580000)
  object space 97280K, 49% used [0x0000000080000000,0x0000000082ec7988,0x0000000085f00000)
 Metaspace       used 78903K, capacity 82910K, committed 83096K, reserved 1122304K
  class space    used 10408K, capacity 11088K, committed 11160K, reserved 1048576K
Event: 1177.746 GC heap after
Heap after GC invocations=18 (full 3):
 PSYoungGen      total 360960K, used 22376K [0x00000000d5580000, 0x00000000f2400000, 0x0000000100000000)
  eden space 335360K, 0% used [0x00000000d5580000,0x00000000d5580000,0x00000000e9d00000)
  from space 25600K, 87% used [0x00000000e9d00000,0x00000000eb2da158,0x00000000eb600000)
  to   space 28672K, 0% used [0x00000000f0800000,0x00000000f0800000,0x00000000f2400000)
 ParOldGen       total 97280K, used 55615K [0x0000000080000000, 0x0000000085f00000, 0x00000000d5580000)
  object space 97280K, 57% used [0x0000000080000000,0x000000008364fe10,0x0000000085f00000)
 Metaspace       used 78903K, capacity 82910K, committed 83096K, reserved 1122304K
  class space    used 10408K, capacity 11088K, committed 11160K, reserved 1048576K
}
Event: 1209.181 GC heap before
{Heap before GC invocations=19 (full 3):
 PSYoungGen      total 360960K, used 357736K [0x00000000d5580000, 0x00000000f2400000, 0x0000000100000000)
  eden space 335360K, 100% used [0x00000000d5580000,0x00000000e9d00000,0x00000000e9d00000)
  from space 25600K, 87% used [0x00000000e9d00000,0x00000000eb2da158,0x00000000eb600000)
  to   space 28672K, 0% used [0x00000000f0800000,0x00000000f0800000,0x00000000f2400000)
 ParOldGen       total 97280K, used 55615K [0x0000000080000000, 0x0000000085f00000, 0x00000000d5580000)
  object space 97280K, 57% used [0x0000000080000000,0x000000008364fe10,0x0000000085f00000)
 Metaspace       used 87537K, capacity 91874K, committed 92056K, reserved 1128448K
  class space    used 11503K, capacity 12315K, committed 12440K, reserved 1048576K
Event: 1209.230 GC heap after
Heap after GC invocations=19 (full 3):
 PSYoungGen      total 437248K, used 28642K [0x00000000d5580000, 0x00000000f2880000, 0x0000000100000000)
  eden space 408576K, 0% used [0x00000000d5580000,0x00000000d5580000,0x00000000ee480000)
  from space 28672K, 99% used [0x00000000f0800000,0x00000000f23f8888,0x00000000f2400000)
  to   space 34816K, 0% used [0x00000000ee480000,0x00000000ee480000,0x00000000f0680000)
 ParOldGen       total 97280K, used 60027K [0x0000000080000000, 0x0000000085f00000, 0x00000000d5580000)
  object space 97280K, 61% used [0x0000000080000000,0x0000000083a9ee40,0x0000000085f00000)
 Metaspace       used 87537K, capacity 91874K, committed 92056K, reserved 1128448K
  class space    used 11503K, capacity 12315K, committed 12440K, reserved 1048576K
}
Event: 1213.379 GC heap before
{Heap before GC invocations=20 (full 3):
 PSYoungGen      total 437248K, used 181536K [0x00000000d5580000, 0x00000000f2880000, 0x0000000100000000)
  eden space 408576K, 37% used [0x00000000d5580000,0x00000000deacf7d8,0x00000000ee480000)
  from space 28672K, 99% used [0x00000000f0800000,0x00000000f23f8888,0x00000000f2400000)
  to   space 34816K, 0% used [0x00000000ee480000,0x00000000ee480000,0x00000000f0680000)
 ParOldGen       total 97280K, used 60027K [0x0000000080000000, 0x0000000085f00000, 0x00000000d5580000)
  object space 97280K, 61% used [0x0000000080000000,0x0000000083a9ee40,0x0000000085f00000)
 Metaspace       used 93032K, capacity 98596K, committed 98600K, reserved 1134592K
  class space    used 12474K, capacity 13588K, committed 13592K, reserved 1048576K
Event: 1213.460 GC heap after
Heap after GC invocations=20 (full 3):
 PSYoungGen      total 443392K, used 30139K [0x00000000d5580000, 0x00000000f2880000, 0x0000000100000000)
  eden space 408576K, 0% used [0x00000000d5580000,0x00000000d5580000,0x00000000ee480000)
  from space 34816K, 86% used [0x00000000ee480000,0x00000000f01eed68,0x00000000f0680000)
  to   space 28672K, 0% used [0x00000000f0800000,0x00000000f0800000,0x00000000f2400000)
 ParOldGen       total 97280K, used 77009K [0x0000000080000000, 0x0000000085f00000, 0x00000000d5580000)
  object space 97280K, 79% used [0x0000000080000000,0x0000000084b34798,0x0000000085f00000)
 Metaspace       used 93032K, capacity 98596K, committed 98600K, reserved 1134592K
  class space    used 12474K, capacity 13588K, committed 13592K, reserved 1048576K
}
Event: 1213.460 GC heap before
{Heap before GC invocations=21 (full 4):
 PSYoungGen      total 443392K, used 30139K [0x00000000d5580000, 0x00000000f2880000, 0x0000000100000000)
  eden space 408576K, 0% used [0x00000000d5580000,0x00000000d5580000,0x00000000ee480000)
  from space 34816K, 86% used [0x00000000ee480000,0x00000000f01eed68,0x00000000f0680000)
  to   space 28672K, 0% used [0x00000000f0800000,0x00000000f0800000,0x00000000f2400000)
 ParOldGen       total 97280K, used 77009K [0x0000000080000000, 0x0000000085f00000, 0x00000000d5580000)
  object space 97280K, 79% used [0x0000000080000000,0x0000000084b34798,0x0000000085f00000)
 Metaspace       used 93032K, capacity 98596K, committed 98600K, reserved 1134592K
  class space    used 12474K, capacity 13588K, committed 13592K, reserved 1048576K
Event: 1213.953 GC heap after
Heap after GC invocations=21 (full 4):
 PSYoungGen      total 443392K, used 0K [0x00000000d5580000, 0x00000000f2880000, 0x0000000100000000)
  eden space 408576K, 0% used [0x00000000d5580000,0x00000000d5580000,0x00000000ee480000)
  from space 34816K, 0% used [0x00000000ee480000,0x00000000ee480000,0x00000000f0680000)
  to   space 28672K, 0% used [0x00000000f0800000,0x00000000f0800000,0x00000000f2400000)
 ParOldGen       total 97280K, used 88071K [0x0000000080000000, 0x0000000085f00000, 0x00000000d5580000)
  object space 97280K, 90% used [0x0000000080000000,0x0000000085601ff8,0x0000000085f00000)
 Metaspace       used 92031K, capacity 96210K, committed 98600K, reserved 1134592K
  class space    used 12117K, capacity 12945K, committed 13592K, reserved 1048576K
}

