# JRE version: OpenJDK Runtime Environment (11.0.8+10) (build 11.0.8+10-b944.6842174)
# Java VM: OpenJDK 64-Bit Server VM (11.0.8+10-b944.6842174, mixed mode, tiered, compressed oops, g1 gc, windows-amd64)
Heap:
 garbage-first heap   total 131072K, used 79640K [0x00000000a0000000, 0x0000000100000000)
  region size 1024K, 5 young (5120K), 2 survivors (2048K)
 Metaspace       used 89642K, capacity 91803K, committed 91940K, reserved 1130496K
  class space    used 11285K, capacity 11976K, committed 12032K, reserved 1048576K
GC Heap History (20 events):
Event: 67.690 GC heap before
{Heap before GC invocations=14 (full 0):
 garbage-first heap   total 131072K, used 102681K [0x00000000a0000000, 0x0000000100000000)
  region size 1024K, 56 young (57344K), 6 survivors (6144K)
 Metaspace       used 68685K, capacity 70272K, committed 70436K, reserved 1110016K
  class space    used 8840K, capacity 9421K, committed 9472K, reserved 1048576K
}
Event: 67.703 GC heap after
{Heap after GC invocations=15 (full 0):
 garbage-first heap   total 131072K, used 54555K [0x00000000a0000000, 0x0000000100000000)
  region size 1024K, 4 young (4096K), 4 survivors (4096K)
 Metaspace       used 68685K, capacity 70272K, committed 70436K, reserved 1110016K
  class space    used 8840K, capacity 9421K, committed 9472K, reserved 1048576K
}
Event: 70.233 GC heap before
{Heap before GC invocations=15 (full 0):
 garbage-first heap   total 131072K, used 103707K [0x00000000a0000000, 0x0000000100000000)
  region size 1024K, 52 young (53248K), 4 survivors (4096K)
 Metaspace       used 72973K, capacity 74637K, committed 74916K, reserved 1114112K
  class space    used 9510K, capacity 10088K, committed 10112K, reserved 1048576K
}
Event: 70.242 GC heap after
{Heap after GC invocations=16 (full 0):
 garbage-first heap   total 131072K, used 57194K [0x00000000a0000000, 0x0000000100000000)
  region size 1024K, 6 young (6144K), 6 survivors (6144K)
 Metaspace       used 72973K, capacity 74637K, committed 74916K, reserved 1114112K
  class space    used 9510K, capacity 10088K, committed 10112K, reserved 1048576K
}
Event: 73.276 GC heap before
{Heap before GC invocations=16 (full 0):
 garbage-first heap   total 131072K, used 104298K [0x00000000a0000000, 0x0000000100000000)
  region size 1024K, 53 young (54272K), 6 survivors (6144K)
 Metaspace       used 77878K, capacity 79699K, committed 80036K, reserved 1118208K
  class space    used 10132K, capacity 10773K, committed 10880K, reserved 1048576K
}
Event: 73.287 GC heap after
{Heap after GC invocations=17 (full 0):
 garbage-first heap   total 131072K, used 60531K [0x00000000a0000000, 0x0000000100000000)
  region size 1024K, 7 young (7168K), 7 survivors (7168K)
 Metaspace       used 77878K, capacity 79699K, committed 80036K, reserved 1118208K
  class space    used 10132K, capacity 10773K, committed 10880K, reserved 1048576K
}
Event: 77.546 GC heap before
{Heap before GC invocations=17 (full 0):
 garbage-first heap   total 131072K, used 105587K [0x00000000a0000000, 0x0000000100000000)
  region size 1024K, 52 young (53248K), 7 survivors (7168K)
 Metaspace       used 78897K, capacity 80828K, committed 80932K, reserved 1120256K
  class space    used 10261K, capacity 10968K, committed 11008K, reserved 1048576K
}
Event: 77.556 GC heap after
{Heap after GC invocations=18 (full 0):
 garbage-first heap   total 131072K, used 63760K [0x00000000a0000000, 0x0000000100000000)
  region size 1024K, 7 young (7168K), 7 survivors (7168K)
 Metaspace       used 78897K, capacity 80828K, committed 80932K, reserved 1120256K
  class space    used 10261K, capacity 10968K, committed 11008K, reserved 1048576K
}
Event: 80.808 GC heap before
{Heap before GC invocations=18 (full 0):
 garbage-first heap   total 131072K, used 106768K [0x00000000a0000000, 0x0000000100000000)
  region size 1024K, 50 young (51200K), 7 survivors (7168K)
 Metaspace       used 82035K, capacity 84145K, committed 84388K, reserved 1122304K
  class space    used 10657K, capacity 11377K, committed 11392K, reserved 1048576K
}
Event: 80.816 GC heap after
{Heap after GC invocations=19 (full 0):
 garbage-first heap   total 131072K, used 64870K [0x00000000a0000000, 0x0000000100000000)
  region size 1024K, 5 young (5120K), 5 survivors (5120K)
 Metaspace       used 82035K, capacity 84145K, committed 84388K, reserved 1122304K
  class space    used 10657K, capacity 11377K, committed 11392K, reserved 1048576K
}
Event: 86.398 GC heap before
{Heap before GC invocations=19 (full 0):
 garbage-first heap   total 131072K, used 106854K [0x00000000a0000000, 0x0000000100000000)
  region size 1024K, 47 young (48128K), 5 survivors (5120K)
 Metaspace       used 84381K, capacity 86435K, committed 86564K, reserved 1124352K
  class space    used 10916K, capacity 11652K, committed 11776K, reserved 1048576K
}
Event: 86.406 GC heap after
{Heap after GC invocations=20 (full 0):
 garbage-first heap   total 131072K, used 68026K [0x00000000a0000000, 0x0000000100000000)
  region size 1024K, 5 young (5120K), 5 survivors (5120K)
 Metaspace       used 84381K, capacity 86435K, committed 86564K, reserved 1124352K
  class space    used 10916K, capacity 11652K, committed 11776K, reserved 1048576K
}
Event: 89.898 GC heap before
{Heap before GC invocations=21 (full 0):
 garbage-first heap   total 131072K, used 107962K [0x00000000a0000000, 0x0000000100000000)
  region size 1024K, 45 young (46080K), 5 survivors (5120K)
 Metaspace       used 84909K, capacity 87000K, committed 87076K, reserved 1124352K
  class space    used 10966K, capacity 11700K, committed 11776K, reserved 1048576K
}
Event: 89.911 GC heap after
{Heap after GC invocations=22 (full 0):
 garbage-first heap   total 131072K, used 70263K [0x00000000a0000000, 0x0000000100000000)
  region size 1024K, 3 young (3072K), 3 survivors (3072K)
 Metaspace       used 84909K, capacity 87000K, committed 87076K, reserved 1124352K
  class space    used 10966K, capacity 11700K, committed 11776K, reserved 1048576K
}
Event: 94.543 GC heap before
{Heap before GC invocations=22 (full 0):
 garbage-first heap   total 131072K, used 108151K [0x00000000a0000000, 0x0000000100000000)
  region size 1024K, 41 young (41984K), 3 survivors (3072K)
 Metaspace       used 85562K, capacity 87621K, committed 87844K, reserved 1126400K
  class space    used 11025K, capacity 11758K, committed 11776K, reserved 1048576K
}
Event: 94.548 GC heap after
{Heap after GC invocations=23 (full 0):
 garbage-first heap   total 131072K, used 71904K [0x00000000a0000000, 0x0000000100000000)
  region size 1024K, 4 young (4096K), 4 survivors (4096K)
 Metaspace       used 85562K, capacity 87621K, committed 87844K, reserved 1126400K
  class space    used 11025K, capacity 11758K, committed 11776K, reserved 1048576K
}
Event: 179.889 GC heap before
{Heap before GC invocations=24 (full 0):
 garbage-first heap   total 131072K, used 109792K [0x00000000a0000000, 0x0000000100000000)
  region size 1024K, 42 young (43008K), 4 survivors (4096K)
 Metaspace       used 88980K, capacity 91084K, committed 91172K, reserved 1128448K
  class space    used 11280K, capacity 11967K, committed 12032K, reserved 1048576K
}
Event: 179.898 GC heap after
{Heap after GC invocations=25 (full 0):
 garbage-first heap   total 131072K, used 73576K [0x00000000a0000000, 0x0000000100000000)
  region size 1024K, 4 young (4096K), 4 survivors (4096K)
 Metaspace       used 88980K, capacity 91084K, committed 91172K, reserved 1128448K
  class space    used 11280K, capacity 11967K, committed 12032K, reserved 1048576K
}
Event: 181.060 GC heap before
{Heap before GC invocations=25 (full 0):
 garbage-first heap   total 131072K, used 109416K [0x00000000a0000000, 0x0000000100000000)
  region size 1024K, 40 young (40960K), 4 survivors (4096K)
 Metaspace       used 89494K, capacity 91671K, committed 91940K, reserved 1130496K
  class space    used 11286K, capacity 11978K, committed 12032K, reserved 1048576K
}
Event: 181.079 GC heap after
{Heap after GC invocations=26 (full 0):
 garbage-first heap   total 131072K, used 76987K [0x00000000a0000000, 0x0000000100000000)
  region size 1024K, 5 young (5120K), 5 survivors (5120K)
 Metaspace       used 89494K, capacity 91671K, committed 91940K, reserved 1130496K
  class space    used 11286K, capacity 11978K, committed 12032K, reserved 1048576K
}

