# JRE version: OpenJDK Runtime Environment (8.0_242-b01) (build 1.8.0_242-release-1644-b01)
# Java VM: OpenJDK 64-Bit Server VM (25.242-b01 mixed mode windows-amd64 compressed oops)
Heap:
 PSYoungGen      total 238592K, used 8108K [0x00000000e0000000, 0x00000000f0000000, 0x0000000100000000)
  eden space 223744K, 3% used [0x00000000e0000000,0x00000000e07eb180,0x00000000eda80000)
  from space 14848K, 0% used [0x00000000ee800000,0x00000000ee800000,0x00000000ef680000)
  to   space 13824K, 0% used [0x00000000eda80000,0x00000000eda80000,0x00000000ee800000)
 ParOldGen       total 80896K, used 14738K [0x00000000a0000000, 0x00000000a4f00000, 0x00000000e0000000)
  object space 80896K, 18% used [0x00000000a0000000,0x00000000a0e64bb0,0x00000000a4f00000)
 Metaspace       used 34423K, capacity 35596K, committed 35840K, reserved 1079296K
  class space    used 4711K, capacity 5013K, committed 5120K, reserved 1048576K
GC Heap History (10 events):
Event: 13.829 GC heap before
{Heap before GC invocations=6 (full 0):
 PSYoungGen      total 71680K, used 21296K [0x00000000e0000000, 0x00000000e9a00000, 0x0000000100000000)
  eden space 66560K, 24% used [0x00000000e0000000,0x00000000e0fd02b8,0x00000000e4100000)
  from space 5120K, 99% used [0x00000000e4100000,0x00000000e45fc040,0x00000000e4600000)
  to   space 12288K, 0% used [0x00000000e8e00000,0x00000000e8e00000,0x00000000e9a00000)
 ParOldGen       total 87552K, used 9793K [0x00000000a0000000, 0x00000000a5580000, 0x00000000e0000000)
  object space 87552K, 11% used [0x00000000a0000000,0x00000000a09906c8,0x00000000a5580000)
 Metaspace       used 20497K, capacity 21218K, committed 21296K, reserved 1067008K
  class space    used 2935K, capacity 3131K, committed 3200K, reserved 1048576K
Event: 13.839 GC heap after
Heap after GC invocations=6 (full 0):
 PSYoungGen      total 143360K, used 6556K [0x00000000e0000000, 0x00000000e9800000, 0x0000000100000000)
  eden space 133120K, 0% used [0x00000000e0000000,0x00000000e0000000,0x00000000e8200000)
  from space 10240K, 64% used [0x00000000e8e00000,0x00000000e9467178,0x00000000e9800000)
  to   space 11264K, 0% used [0x00000000e8200000,0x00000000e8200000,0x00000000e8d00000)
 ParOldGen       total 87552K, used 9801K [0x00000000a0000000, 0x00000000a5580000, 0x00000000e0000000)
  object space 87552K, 11% used [0x00000000a0000000,0x00000000a09926c8,0x00000000a5580000)
 Metaspace       used 20497K, capacity 21218K, committed 21296K, reserved 1067008K
  class space    used 2935K, capacity 3131K, committed 3200K, reserved 1048576K
}
Event: 13.839 GC heap before
{Heap before GC invocations=7 (full 1):
 PSYoungGen      total 143360K, used 6556K [0x00000000e0000000, 0x00000000e9800000, 0x0000000100000000)
  eden space 133120K, 0% used [0x00000000e0000000,0x00000000e0000000,0x00000000e8200000)
  from space 10240K, 64% used [0x00000000e8e00000,0x00000000e9467178,0x00000000e9800000)
  to   space 11264K, 0% used [0x00000000e8200000,0x00000000e8200000,0x00000000e8d00000)
 ParOldGen       total 87552K, used 9801K [0x00000000a0000000, 0x00000000a5580000, 0x00000000e0000000)
  object space 87552K, 11% used [0x00000000a0000000,0x00000000a09926c8,0x00000000a5580000)
 Metaspace       used 20497K, capacity 21218K, committed 21296K, reserved 1067008K
  class space    used 2935K, capacity 3131K, committed 3200K, reserved 1048576K
Event: 13.927 GC heap after
Heap after GC invocations=7 (full 1):
 PSYoungGen      total 143360K, used 0K [0x00000000e0000000, 0x00000000e9800000, 0x0000000100000000)
  eden space 133120K, 0% used [0x00000000e0000000,0x00000000e0000000,0x00000000e8200000)
  from space 10240K, 0% used [0x00000000e8e00000,0x00000000e8e00000,0x00000000e9800000)
  to   space 11264K, 0% used [0x00000000e8200000,0x00000000e8200000,0x00000000e8d00000)
 ParOldGen       total 56832K, used 8019K [0x00000000a0000000, 0x00000000a3780000, 0x00000000e0000000)
  object space 56832K, 14% used [0x00000000a0000000,0x00000000a07d4f48,0x00000000a3780000)
 Metaspace       used 20497K, capacity 21218K, committed 21296K, reserved 1067008K
  class space    used 2935K, capacity 3131K, committed 3200K, reserved 1048576K
}
Event: 18.024 GC heap before
{Heap before GC invocations=8 (full 1):
 PSYoungGen      total 143360K, used 133120K [0x00000000e0000000, 0x00000000e9800000, 0x0000000100000000)
  eden space 133120K, 100% used [0x00000000e0000000,0x00000000e8200000,0x00000000e8200000)
  from space 10240K, 0% used [0x00000000e8e00000,0x00000000e8e00000,0x00000000e9800000)
  to   space 11264K, 0% used [0x00000000e8200000,0x00000000e8200000,0x00000000e8d00000)
 ParOldGen       total 56832K, used 8019K [0x00000000a0000000, 0x00000000a3780000, 0x00000000e0000000)
  object space 56832K, 14% used [0x00000000a0000000,0x00000000a07d4f48,0x00000000a3780000)
 Metaspace       used 33363K, capacity 34510K, committed 34816K, reserved 1079296K
  class space    used 4533K, capacity 4804K, committed 4864K, reserved 1048576K
Event: 18.045 GC heap after
Heap after GC invocations=8 (full 1):
 PSYoungGen      total 144384K, used 11261K [0x00000000e0000000, 0x00000000ef680000, 0x0000000100000000)
  eden space 133120K, 0% used [0x00000000e0000000,0x00000000e0000000,0x00000000e8200000)
  from space 11264K, 99% used [0x00000000e8200000,0x00000000e8cff728,0x00000000e8d00000)
  to   space 14848K, 0% used [0x00000000ee800000,0x00000000ee800000,0x00000000ef680000)
 ParOldGen       total 56832K, used 11115K [0x00000000a0000000, 0x00000000a3780000, 0x00000000e0000000)
  object space 56832K, 19% used [0x00000000a0000000,0x00000000a0adafa0,0x00000000a3780000)
 Metaspace       used 33363K, capacity 34510K, committed 34816K, reserved 1079296K
  class space    used 4533K, capacity 4804K, committed 4864K, reserved 1048576K
}
Event: 18.445 GC heap before
{Heap before GC invocations=9 (full 1):
 PSYoungGen      total 144384K, used 37950K [0x00000000e0000000, 0x00000000ef680000, 0x0000000100000000)
  eden space 133120K, 20% used [0x00000000e0000000,0x00000000e1a101e0,0x00000000e8200000)
  from space 11264K, 99% used [0x00000000e8200000,0x00000000e8cff728,0x00000000e8d00000)
  to   space 14848K, 0% used [0x00000000ee800000,0x00000000ee800000,0x00000000ef680000)
 ParOldGen       total 56832K, used 11115K [0x00000000a0000000, 0x00000000a3780000, 0x00000000e0000000)
  object space 56832K, 19% used [0x00000000a0000000,0x00000000a0adafa0,0x00000000a3780000)
 Metaspace       used 34261K, capacity 35394K, committed 35456K, reserved 1079296K
  class space    used 4682K, capacity 4946K, committed 4992K, reserved 1048576K
Event: 18.462 GC heap after
Heap after GC invocations=9 (full 1):
 PSYoungGen      total 238592K, used 7861K [0x00000000e0000000, 0x00000000f0000000, 0x0000000100000000)
  eden space 223744K, 0% used [0x00000000e0000000,0x00000000e0000000,0x00000000eda80000)
  from space 14848K, 52% used [0x00000000ee800000,0x00000000eefad728,0x00000000ef680000)
  to   space 13824K, 0% used [0x00000000eda80000,0x00000000eda80000,0x00000000ee800000)
 ParOldGen       total 56832K, used 11123K [0x00000000a0000000, 0x00000000a3780000, 0x00000000e0000000)
  object space 56832K, 19% used [0x00000000a0000000,0x00000000a0adcfa0,0x00000000a3780000)
 Metaspace       used 34261K, capacity 35394K, committed 35456K, reserved 1079296K
  class space    used 4682K, capacity 4946K, committed 4992K, reserved 1048576K
}
Event: 18.462 GC heap before
{Heap before GC invocations=10 (full 2):
 PSYoungGen      total 238592K, used 7861K [0x00000000e0000000, 0x00000000f0000000, 0x0000000100000000)
  eden space 223744K, 0% used [0x00000000e0000000,0x00000000e0000000,0x00000000eda80000)
  from space 14848K, 52% used [0x00000000ee800000,0x00000000eefad728,0x00000000ef680000)
  to   space 13824K, 0% used [0x00000000eda80000,0x00000000eda80000,0x00000000ee800000)
 ParOldGen       total 56832K, used 11123K [0x00000000a0000000, 0x00000000a3780000, 0x00000000e0000000)
  object space 56832K, 19% used [0x00000000a0000000,0x00000000a0adcfa0,0x00000000a3780000)
 Metaspace       used 34261K, capacity 35394K, committed 35456K, reserved 1079296K
  class space    used 4682K, capacity 4946K, committed 4992K, reserved 1048576K
Event: 18.552 GC heap after
Heap after GC invocations=10 (full 2):
 PSYoungGen      total 238592K, used 0K [0x00000000e0000000, 0x00000000f0000000, 0x0000000100000000)
  eden space 223744K, 0% used [0x00000000e0000000,0x00000000e0000000,0x00000000eda80000)
  from space 14848K, 0% used [0x00000000ee800000,0x00000000ee800000,0x00000000ef680000)
  to   space 13824K, 0% used [0x00000000eda80000,0x00000000eda80000,0x00000000ee800000)
 ParOldGen       total 80896K, used 14738K [0x00000000a0000000, 0x00000000a4f00000, 0x00000000e0000000)
  object space 80896K, 18% used [0x00000000a0000000,0x00000000a0e64bb0,0x00000000a4f00000)
 Metaspace       used 34261K, capacity 35394K, committed 35456K, reserved 1079296K
  class space    used 4682K, capacity 4946K, committed 4992K, reserved 1048576K
}

