# JRE version: OpenJDK Runtime Environment (11.0.8+10) (build 11.0.8+10-b944.6842174)
# Java VM: OpenJDK 64-Bit Server VM (11.0.8+10-b944.6842174, mixed mode, tiered, compressed oops, g1 gc, windows-amd64)
Heap:
 garbage-first heap   total 131072K, used 30201K [0x00000000a0000000, 0x0000000100000000)
  region size 1024K, 13 young (13312K), 7 survivors (7168K)
 Metaspace       used 40915K, capacity 41850K, committed 42108K, reserved 1085440K
  class space    used 5219K, capacity 5534K, committed 5632K, reserved 1048576K
GC Heap History (10 events):
Event: 1.534 GC heap before
{Heap before GC invocations=0 (full 0):
 garbage-first heap   total 131072K, used 29696K [0x00000000a0000000, 0x0000000100000000)
  region size 1024K, 24 young (24576K), 0 survivors (0K)
 Metaspace       used 10710K, capacity 10948K, committed 11264K, reserved 1058816K
  class space    used 1135K, capacity 1200K, committed 1280K, reserved 1048576K
}
Event: 1.541 GC heap after
{Heap after GC invocations=1 (full 0):
 garbage-first heap   total 131072K, used 8852K [0x00000000a0000000, 0x0000000100000000)
  region size 1024K, 3 young (3072K), 3 survivors (3072K)
 Metaspace       used 10710K, capacity 10948K, committed 11264K, reserved 1058816K
  class space    used 1135K, capacity 1200K, committed 1280K, reserved 1048576K
}
Event: 5.794 GC heap before
{Heap before GC invocations=1 (full 0):
 garbage-first heap   total 131072K, used 82580K [0x00000000a0000000, 0x0000000100000000)
  region size 1024K, 76 young (77824K), 3 survivors (3072K)
 Metaspace       used 19018K, capacity 19470K, committed 19712K, reserved 1067008K
  class space    used 2303K, capacity 2458K, committed 2560K, reserved 1048576K
}
Event: 5.804 GC heap after
{Heap after GC invocations=2 (full 0):
 garbage-first heap   total 131072K, used 15833K [0x00000000a0000000, 0x0000000100000000)
  region size 1024K, 10 young (10240K), 10 survivors (10240K)
 Metaspace       used 19018K, capacity 19470K, committed 19712K, reserved 1067008K
  class space    used 2303K, capacity 2458K, committed 2560K, reserved 1048576K
}
Event: 6.104 GC heap before
{Heap before GC invocations=2 (full 0):
 garbage-first heap   total 131072K, used 27097K [0x00000000a0000000, 0x0000000100000000)
  region size 1024K, 22 young (22528K), 10 survivors (10240K)
 Metaspace       used 20596K, capacity 21143K, committed 21296K, reserved 1069056K
  class space    used 2522K, capacity 2680K, committed 2688K, reserved 1048576K
}
Event: 6.115 GC heap after
{Heap after GC invocations=3 (full 0):
 garbage-first heap   total 131072K, used 16402K [0x00000000a0000000, 0x0000000100000000)
  region size 1024K, 1 young (1024K), 1 survivors (1024K)
 Metaspace       used 20596K, capacity 21143K, committed 21296K, reserved 1069056K
  class space    used 2522K, capacity 2680K, committed 2688K, reserved 1048576K
}
Event: 7.335 GC heap before
{Heap before GC invocations=4 (full 0):
 garbage-first heap   total 131072K, used 65554K [0x00000000a0000000, 0x0000000100000000)
  region size 1024K, 49 young (50176K), 1 survivors (1024K)
 Metaspace       used 26071K, capacity 26677K, committed 26928K, reserved 1073152K
  class space    used 3400K, capacity 3634K, committed 3712K, reserved 1048576K
}
Event: 7.340 GC heap after
{Heap after GC invocations=5 (full 0):
 garbage-first heap   total 131072K, used 18013K [0x00000000a0000000, 0x0000000100000000)
  region size 1024K, 3 young (3072K), 3 survivors (3072K)
 Metaspace       used 26071K, capacity 26677K, committed 26928K, reserved 1073152K
  class space    used 3400K, capacity 3634K, committed 3712K, reserved 1048576K
}
Event: 9.086 GC heap before
{Heap before GC invocations=5 (full 0):
 garbage-first heap   total 131072K, used 68189K [0x00000000a0000000, 0x0000000100000000)
  region size 1024K, 53 young (54272K), 3 survivors (3072K)
 Metaspace       used 34920K, capacity 35677K, committed 35708K, reserved 1081344K
  class space    used 4538K, capacity 4849K, committed 4864K, reserved 1048576K
}
Event: 9.099 GC heap after
{Heap after GC invocations=6 (full 0):
 garbage-first heap   total 131072K, used 21248K [0x00000000a0000000, 0x0000000100000000)
  region size 1024K, 6 young (6144K), 6 survivors (6144K)
 Metaspace       used 34920K, capacity 35677K, committed 35708K, reserved 1081344K
  class space    used 4538K, capacity 4849K, committed 4864K, reserved 1048576K
}

