# JRE version: OpenJDK Runtime Environment (8.0_242-b01) (build 1.8.0_242-release-1644-b01)
# Java VM: OpenJDK 64-Bit Server VM (25.242-b01 mixed mode windows-amd64 compressed oops)
Heap:
 PSYoungGen      total 243200K, used 68013K [0x00000000e0000000, 0x00000000f4180000, 0x0000000100000000)
  eden space 222720K, 21% used [0x00000000e0000000,0x00000000e2e70250,0x00000000ed980000)
  from space 20480K, 99% used [0x00000000ed980000,0x00000000eed7b1b8,0x00000000eed80000)
  to   space 30208K, 0% used [0x00000000f2400000,0x00000000f2400000,0x00000000f4180000)
 ParOldGen       total 124416K, used 65417K [0x00000000a0000000, 0x00000000a7980000, 0x00000000e0000000)
  object space 124416K, 52% used [0x00000000a0000000,0x00000000a3fe2798,0x00000000a7980000)
 Metaspace       used 91777K, capacity 97614K, committed 97880K, reserved 1132544K
  class space    used 12771K, capacity 13923K, committed 13952K, reserved 1048576K
GC Heap History (10 events):
Event: 45.400 GC heap before
{Heap before GC invocations=14 (full 2):
 PSYoungGen      total 158208K, used 96822K [0x00000000e0000000, 0x00000000ed880000, 0x0000000100000000)
  eden space 146432K, 58% used [0x00000000e0000000,0x00000000e530e888,0x00000000e8f00000)
  from space 11776K, 99% used [0x00000000e8f00000,0x00000000e9a7f068,0x00000000e9a80000)
  to   space 16384K, 0% used [0x00000000ec880000,0x00000000ec880000,0x00000000ed880000)
 ParOldGen       total 82944K, used 26674K [0x00000000a0000000, 0x00000000a5100000, 0x00000000e0000000)
  object space 82944K, 32% used [0x00000000a0000000,0x00000000a1a0c978,0x00000000a5100000)
 Metaspace       used 56608K, capacity 58872K, committed 59096K, reserved 1099776K
  class space    used 7737K, capacity 8185K, committed 8192K, reserved 1048576K
Event: 45.418 GC heap after
Heap after GC invocations=14 (full 2):
 PSYoungGen      total 199168K, used 10836K [0x00000000e0000000, 0x00000000ed580000, 0x0000000100000000)
  eden space 185856K, 0% used [0x00000000e0000000,0x00000000e0000000,0x00000000eb580000)
  from space 13312K, 81% used [0x00000000ec880000,0x00000000ed315118,0x00000000ed580000)
  to   space 16384K, 0% used [0x00000000eb580000,0x00000000eb580000,0x00000000ec580000)
 ParOldGen       total 82944K, used 33901K [0x00000000a0000000, 0x00000000a5100000, 0x00000000e0000000)
  object space 82944K, 40% used [0x00000000a0000000,0x00000000a211b728,0x00000000a5100000)
 Metaspace       used 56608K, capacity 58872K, committed 59096K, reserved 1099776K
  class space    used 7737K, capacity 8185K, committed 8192K, reserved 1048576K
}
Event: 45.418 GC heap before
{Heap before GC invocations=15 (full 3):
 PSYoungGen      total 199168K, used 10836K [0x00000000e0000000, 0x00000000ed580000, 0x0000000100000000)
  eden space 185856K, 0% used [0x00000000e0000000,0x00000000e0000000,0x00000000eb580000)
  from space 13312K, 81% used [0x00000000ec880000,0x00000000ed315118,0x00000000ed580000)
  to   space 16384K, 0% used [0x00000000eb580000,0x00000000eb580000,0x00000000ec580000)
 ParOldGen       total 82944K, used 33901K [0x00000000a0000000, 0x00000000a5100000, 0x00000000e0000000)
  object space 82944K, 40% used [0x00000000a0000000,0x00000000a211b728,0x00000000a5100000)
 Metaspace       used 56608K, capacity 58872K, committed 59096K, reserved 1099776K
  class space    used 7737K, capacity 8185K, committed 8192K, reserved 1048576K
Event: 45.734 GC heap after
Heap after GC invocations=15 (full 3):
 PSYoungGen      total 199168K, used 0K [0x00000000e0000000, 0x00000000ed580000, 0x0000000100000000)
  eden space 185856K, 0% used [0x00000000e0000000,0x00000000e0000000,0x00000000eb580000)
  from space 13312K, 0% used [0x00000000ec880000,0x00000000ec880000,0x00000000ed580000)
  to   space 16384K, 0% used [0x00000000eb580000,0x00000000eb580000,0x00000000ec580000)
 ParOldGen       total 124416K, used 34321K [0x00000000a0000000, 0x00000000a7980000, 0x00000000e0000000)
  object space 124416K, 27% used [0x00000000a0000000,0x00000000a2184640,0x00000000a7980000)
 Metaspace       used 56566K, capacity 58728K, committed 59096K, reserved 1099776K
  class space    used 7724K, capacity 8161K, committed 8192K, reserved 1048576K
}
Event: 60.502 GC heap before
{Heap before GC invocations=16 (full 3):
 PSYoungGen      total 199168K, used 185856K [0x00000000e0000000, 0x00000000ed580000, 0x0000000100000000)
  eden space 185856K, 100% used [0x00000000e0000000,0x00000000eb580000,0x00000000eb580000)
  from space 13312K, 0% used [0x00000000ec880000,0x00000000ec880000,0x00000000ed580000)
  to   space 16384K, 0% used [0x00000000eb580000,0x00000000eb580000,0x00000000ec580000)
 ParOldGen       total 124416K, used 34321K [0x00000000a0000000, 0x00000000a7980000, 0x00000000e0000000)
  object space 124416K, 27% used [0x00000000a0000000,0x00000000a2184640,0x00000000a7980000)
 Metaspace       used 68296K, capacity 71526K, committed 71768K, reserved 1112064K
  class space    used 9394K, capacity 9996K, committed 10112K, reserved 1048576K
Event: 60.528 GC heap after
Heap after GC invocations=16 (full 3):
 PSYoungGen      total 202240K, used 16368K [0x00000000e0000000, 0x00000000f0580000, 0x0000000100000000)
  eden space 185856K, 0% used [0x00000000e0000000,0x00000000e0000000,0x00000000eb580000)
  from space 16384K, 99% used [0x00000000eb580000,0x00000000ec57c2b0,0x00000000ec580000)
  to   space 19456K, 0% used [0x00000000ef280000,0x00000000ef280000,0x00000000f0580000)
 ParOldGen       total 124416K, used 36114K [0x00000000a0000000, 0x00000000a7980000, 0x00000000e0000000)
  object space 124416K, 29% used [0x00000000a0000000,0x00000000a2344a08,0x00000000a7980000)
 Metaspace       used 68296K, capacity 71526K, committed 71768K, reserved 1112064K
  class space    used 9394K, capacity 9996K, committed 10112K, reserved 1048576K
}
Event: 97.214 GC heap before
{Heap before GC invocations=17 (full 3):
 PSYoungGen      total 202240K, used 202224K [0x00000000e0000000, 0x00000000f0580000, 0x0000000100000000)
  eden space 185856K, 100% used [0x00000000e0000000,0x00000000eb580000,0x00000000eb580000)
  from space 16384K, 99% used [0x00000000eb580000,0x00000000ec57c2b0,0x00000000ec580000)
  to   space 19456K, 0% used [0x00000000ef280000,0x00000000ef280000,0x00000000f0580000)
 ParOldGen       total 124416K, used 36114K [0x00000000a0000000, 0x00000000a7980000, 0x00000000e0000000)
  object space 124416K, 29% used [0x00000000a0000000,0x00000000a2344a08,0x00000000a7980000)
 Metaspace       used 75910K, capacity 79380K, committed 79704K, reserved 1118208K
  class space    used 10399K, capacity 11040K, committed 11136K, reserved 1048576K
Event: 97.250 GC heap after
Heap after GC invocations=17 (full 3):
 PSYoungGen      total 238080K, used 15267K [0x00000000e0000000, 0x00000000f0180000, 0x0000000100000000)
  eden space 222720K, 0% used [0x00000000e0000000,0x00000000e0000000,0x00000000ed980000)
  from space 15360K, 99% used [0x00000000ef280000,0x00000000f0168ff0,0x00000000f0180000)
  to   space 20480K, 0% used [0x00000000ed980000,0x00000000ed980000,0x00000000eed80000)
 ParOldGen       total 124416K, used 46358K [0x00000000a0000000, 0x00000000a7980000, 0x00000000e0000000)
  object space 124416K, 37% used [0x00000000a0000000,0x00000000a2d45930,0x00000000a7980000)
 Metaspace       used 75910K, capacity 79380K, committed 79704K, reserved 1118208K
  class space    used 10399K, capacity 11040K, committed 11136K, reserved 1048576K
}
Event: 107.979 GC heap before
{Heap before GC invocations=18 (full 3):
 PSYoungGen      total 238080K, used 237987K [0x00000000e0000000, 0x00000000f0180000, 0x0000000100000000)
  eden space 222720K, 100% used [0x00000000e0000000,0x00000000ed980000,0x00000000ed980000)
  from space 15360K, 99% used [0x00000000ef280000,0x00000000f0168ff0,0x00000000f0180000)
  to   space 20480K, 0% used [0x00000000ed980000,0x00000000ed980000,0x00000000eed80000)
 ParOldGen       total 124416K, used 46358K [0x00000000a0000000, 0x00000000a7980000, 0x00000000e0000000)
  object space 124416K, 37% used [0x00000000a0000000,0x00000000a2d45930,0x00000000a7980000)
 Metaspace       used 90471K, capacity 95874K, committed 96216K, reserved 1132544K
  class space    used 12604K, capacity 13725K, committed 13824K, reserved 1048576K
Event: 108.039 GC heap after
Heap after GC invocations=18 (full 3):
 PSYoungGen      total 243200K, used 20460K [0x00000000e0000000, 0x00000000f4180000, 0x0000000100000000)
  eden space 222720K, 0% used [0x00000000e0000000,0x00000000e0000000,0x00000000ed980000)
  from space 20480K, 99% used [0x00000000ed980000,0x00000000eed7b1b8,0x00000000eed80000)
  to   space 30208K, 0% used [0x00000000f2400000,0x00000000f2400000,0x00000000f4180000)
 ParOldGen       total 124416K, used 65417K [0x00000000a0000000, 0x00000000a7980000, 0x00000000e0000000)
  object space 124416K, 52% used [0x00000000a0000000,0x00000000a3fe2798,0x00000000a7980000)
 Metaspace       used 90471K, capacity 95874K, committed 96216K, reserved 1132544K
  class space    used 12604K, capacity 13725K, committed 13824K, reserved 1048576K
}

