# JRE version: OpenJDK Runtime Environment (8.0_242-b01) (build 1.8.0_242-release-1644-b01)
# Java VM: OpenJDK 64-Bit Server VM (25.242-b01 mixed mode windows-amd64 compressed oops)
Heap:
 PSYoungGen      total 69120K, used 35928K [0x00000000e0000000, 0x00000000e5300000, 0x0000000100000000)
  eden space 60928K, 45% used [0x00000000e0000000,0x00000000e1b168c0,0x00000000e3b80000)
  from space 8192K, 99% used [0x00000000e4b00000,0x00000000e52ff898,0x00000000e5300000)
  to   space 11776K, 0% used [0x00000000e3c00000,0x00000000e3c00000,0x00000000e4780000)
 ParOldGen       total 56320K, used 8940K [0x00000000a0000000, 0x00000000a3700000, 0x00000000e0000000)
  object space 56320K, 15% used [0x00000000a0000000,0x00000000a08bb0b0,0x00000000a3700000)
 Metaspace       used 34143K, capacity 35326K, committed 35456K, reserved 1079296K
  class space    used 4670K, capacity 4946K, committed 4992K, reserved 1048576K
GC Heap History (10 events):
Event: 24.124 GC heap before
{Heap before GC invocations=5 (full 0):
 PSYoungGen      total 71680K, used 71648K [0x00000000e0000000, 0x00000000e4b00000, 0x0000000100000000)
  eden space 66560K, 100% used [0x00000000e0000000,0x00000000e4100000,0x00000000e4100000)
  from space 5120K, 99% used [0x00000000e4600000,0x00000000e4af8020,0x00000000e4b00000)
  to   space 5120K, 0% used [0x00000000e4100000,0x00000000e4100000,0x00000000e4600000)
 ParOldGen       total 87552K, used 3308K [0x00000000a0000000, 0x00000000a5580000, 0x00000000e0000000)
  object space 87552K, 3% used [0x00000000a0000000,0x00000000a033b0f0,0x00000000a5580000)
 Metaspace       used 19385K, capacity 20094K, committed 20480K, reserved 1067008K
  class space    used 2749K, capacity 2955K, committed 3072K, reserved 1048576K
Event: 24.135 GC heap after
Heap after GC invocations=5 (full 0):
 PSYoungGen      total 69632K, used 5088K [0x00000000e0000000, 0x00000000e5700000, 0x0000000100000000)
  eden space 64512K, 0% used [0x00000000e0000000,0x00000000e0000000,0x00000000e3f00000)
  from space 5120K, 99% used [0x00000000e4100000,0x00000000e45f8030,0x00000000e4600000)
  to   space 12288K, 0% used [0x00000000e4b00000,0x00000000e4b00000,0x00000000e5700000)
 ParOldGen       total 87552K, used 9728K [0x00000000a0000000, 0x00000000a5580000, 0x00000000e0000000)
  object space 87552K, 11% used [0x00000000a0000000,0x00000000a0980000,0x00000000a5580000)
 Metaspace       used 19385K, capacity 20094K, committed 20480K, reserved 1067008K
  class space    used 2749K, capacity 2955K, committed 3072K, reserved 1048576K
}
Event: 24.949 GC heap before
{Heap before GC invocations=6 (full 0):
 PSYoungGen      total 69632K, used 21925K [0x00000000e0000000, 0x00000000e5700000, 0x0000000100000000)
  eden space 64512K, 26% used [0x00000000e0000000,0x00000000e10714b0,0x00000000e3f00000)
  from space 5120K, 99% used [0x00000000e4100000,0x00000000e45f8030,0x00000000e4600000)
  to   space 12288K, 0% used [0x00000000e4b00000,0x00000000e4b00000,0x00000000e5700000)
 ParOldGen       total 87552K, used 9728K [0x00000000a0000000, 0x00000000a5580000, 0x00000000e0000000)
  object space 87552K, 11% used [0x00000000a0000000,0x00000000a0980000,0x00000000a5580000)
 Metaspace       used 20520K, capacity 21218K, committed 21296K, reserved 1067008K
  class space    used 2937K, capacity 3131K, committed 3200K, reserved 1048576K
Event: 24.956 GC heap after
Heap after GC invocations=6 (full 0):
 PSYoungGen      total 70656K, used 6650K [0x00000000e0000000, 0x00000000e5300000, 0x0000000100000000)
  eden space 62464K, 0% used [0x00000000e0000000,0x00000000e0000000,0x00000000e3d00000)
  from space 8192K, 81% used [0x00000000e4b00000,0x00000000e517ea20,0x00000000e5300000)
  to   space 11264K, 0% used [0x00000000e3d00000,0x00000000e3d00000,0x00000000e4800000)
 ParOldGen       total 87552K, used 9736K [0x00000000a0000000, 0x00000000a5580000, 0x00000000e0000000)
  object space 87552K, 11% used [0x00000000a0000000,0x00000000a0982000,0x00000000a5580000)
 Metaspace       used 20520K, capacity 21218K, committed 21296K, reserved 1067008K
  class space    used 2937K, capacity 3131K, committed 3200K, reserved 1048576K
}
Event: 24.956 GC heap before
{Heap before GC invocations=7 (full 1):
 PSYoungGen      total 70656K, used 6650K [0x00000000e0000000, 0x00000000e5300000, 0x0000000100000000)
  eden space 62464K, 0% used [0x00000000e0000000,0x00000000e0000000,0x00000000e3d00000)
  from space 8192K, 81% used [0x00000000e4b00000,0x00000000e517ea20,0x00000000e5300000)
  to   space 11264K, 0% used [0x00000000e3d00000,0x00000000e3d00000,0x00000000e4800000)
 ParOldGen       total 87552K, used 9736K [0x00000000a0000000, 0x00000000a5580000, 0x00000000e0000000)
  object space 87552K, 11% used [0x00000000a0000000,0x00000000a0982000,0x00000000a5580000)
 Metaspace       used 20520K, capacity 21218K, committed 21296K, reserved 1067008K
  class space    used 2937K, capacity 3131K, committed 3200K, reserved 1048576K
Event: 25.039 GC heap after
Heap after GC invocations=7 (full 1):
 PSYoungGen      total 70656K, used 0K [0x00000000e0000000, 0x00000000e5300000, 0x0000000100000000)
  eden space 62464K, 0% used [0x00000000e0000000,0x00000000e0000000,0x00000000e3d00000)
  from space 8192K, 0% used [0x00000000e4b00000,0x00000000e4b00000,0x00000000e5300000)
  to   space 11264K, 0% used [0x00000000e3d00000,0x00000000e3d00000,0x00000000e4800000)
 ParOldGen       total 56320K, used 8065K [0x00000000a0000000, 0x00000000a3700000, 0x00000000e0000000)
  object space 56320K, 14% used [0x00000000a0000000,0x00000000a07e0488,0x00000000a3700000)
 Metaspace       used 20520K, capacity 21218K, committed 21296K, reserved 1067008K
  class space    used 2937K, capacity 3131K, committed 3200K, reserved 1048576K
}
Event: 28.395 GC heap before
{Heap before GC invocations=8 (full 1):
 PSYoungGen      total 70656K, used 62464K [0x00000000e0000000, 0x00000000e5300000, 0x0000000100000000)
  eden space 62464K, 100% used [0x00000000e0000000,0x00000000e3d00000,0x00000000e3d00000)
  from space 8192K, 0% used [0x00000000e4b00000,0x00000000e4b00000,0x00000000e5300000)
  to   space 11264K, 0% used [0x00000000e3d00000,0x00000000e3d00000,0x00000000e4800000)
 ParOldGen       total 56320K, used 8065K [0x00000000a0000000, 0x00000000a3700000, 0x00000000e0000000)
  object space 56320K, 14% used [0x00000000a0000000,0x00000000a07e0488,0x00000000a3700000)
 Metaspace       used 27533K, capacity 28418K, committed 28672K, reserved 1073152K
  class space    used 3867K, capacity 4081K, committed 4096K, reserved 1048576K
Event: 28.402 GC heap after
Heap after GC invocations=8 (full 1):
 PSYoungGen      total 73728K, used 7263K [0x00000000e0000000, 0x00000000e5300000, 0x0000000100000000)
  eden space 62464K, 0% used [0x00000000e0000000,0x00000000e0000000,0x00000000e3d00000)
  from space 11264K, 64% used [0x00000000e3d00000,0x00000000e4417de0,0x00000000e4800000)
  to   space 8192K, 0% used [0x00000000e4b00000,0x00000000e4b00000,0x00000000e5300000)
 ParOldGen       total 56320K, used 8073K [0x00000000a0000000, 0x00000000a3700000, 0x00000000e0000000)
  object space 56320K, 14% used [0x00000000a0000000,0x00000000a07e2488,0x00000000a3700000)
 Metaspace       used 27533K, capacity 28418K, committed 28672K, reserved 1073152K
  class space    used 3867K, capacity 4081K, committed 4096K, reserved 1048576K
}
Event: 30.622 GC heap before
{Heap before GC invocations=9 (full 1):
 PSYoungGen      total 73728K, used 69727K [0x00000000e0000000, 0x00000000e5300000, 0x0000000100000000)
  eden space 62464K, 100% used [0x00000000e0000000,0x00000000e3d00000,0x00000000e3d00000)
  from space 11264K, 64% used [0x00000000e3d00000,0x00000000e4417de0,0x00000000e4800000)
  to   space 8192K, 0% used [0x00000000e4b00000,0x00000000e4b00000,0x00000000e5300000)
 ParOldGen       total 56320K, used 8073K [0x00000000a0000000, 0x00000000a3700000, 0x00000000e0000000)
  object space 56320K, 14% used [0x00000000a0000000,0x00000000a07e2488,0x00000000a3700000)
 Metaspace       used 33045K, capacity 34180K, committed 34304K, reserved 1079296K
  class space    used 4505K, capacity 4801K, committed 4864K, reserved 1048576K
Event: 30.633 GC heap after
Heap after GC invocations=9 (full 1):
 PSYoungGen      total 69120K, used 8190K [0x00000000e0000000, 0x00000000e5300000, 0x0000000100000000)
  eden space 60928K, 0% used [0x00000000e0000000,0x00000000e0000000,0x00000000e3b80000)
  from space 8192K, 99% used [0x00000000e4b00000,0x00000000e52ff898,0x00000000e5300000)
  to   space 11776K, 0% used [0x00000000e3c00000,0x00000000e3c00000,0x00000000e4780000)
 ParOldGen       total 56320K, used 8940K [0x00000000a0000000, 0x00000000a3700000, 0x00000000e0000000)
  object space 56320K, 15% used [0x00000000a0000000,0x00000000a08bb0b0,0x00000000a3700000)
 Metaspace       used 33045K, capacity 34180K, committed 34304K, reserved 1079296K
  class space    used 4505K, capacity 4801K, committed 4864K, reserved 1048576K
}

