# JRE version: OpenJDK Runtime Environment (8.0_242-b01) (build 1.8.0_242-release-1644-b01)
# Java VM: OpenJDK 64-Bit Server VM (25.242-b01 mixed mode windows-amd64 compressed oops)
Heap:
 PSYoungGen      total 222208K, used 40389K [0x00000000e0000000, 0x00000000eeb00000, 0x0000000100000000)
  eden space 205824K, 11% used [0x00000000e0000000,0x00000000e1774c20,0x00000000ec900000)
  from space 16384K, 99% used [0x00000000ec900000,0x00000000ed8fcb98,0x00000000ed900000)
  to   space 16896K, 0% used [0x00000000ed900000,0x00000000ed900000,0x00000000ee980000)
 ParOldGen       total 129024K, used 35939K [0x00000000a0000000, 0x00000000a7e00000, 0x00000000e0000000)
  object space 129024K, 27% used [0x00000000a0000000,0x00000000a2318c78,0x00000000a7e00000)
 Metaspace       used 69083K, capacity 72270K, committed 72536K, reserved 1112064K
  class space    used 9447K, capacity 10020K, committed 10112K, reserved 1048576K
GC Heap History (10 events):
Event: 19.013 GC heap before
{Heap before GC invocations=12 (full 2):
 PSYoungGen      total 138752K, used 128000K [0x00000000e0000000, 0x00000000eb480000, 0x0000000100000000)
  eden space 128000K, 100% used [0x00000000e0000000,0x00000000e7d00000,0x00000000e7d00000)
  from space 10752K, 0% used [0x00000000e7d00000,0x00000000e7d00000,0x00000000e8780000)
  to   space 12288K, 0% used [0x00000000ea880000,0x00000000ea880000,0x00000000eb480000)
 ParOldGen       total 84480K, used 18291K [0x00000000a0000000, 0x00000000a5280000, 0x00000000e0000000)
  object space 84480K, 21% used [0x00000000a0000000,0x00000000a11dcca0,0x00000000a5280000)
 Metaspace       used 37934K, capacity 39556K, committed 39808K, reserved 1083392K
  class space    used 5190K, capacity 5495K, committed 5504K, reserved 1048576K
Event: 19.039 GC heap after
Heap after GC invocations=12 (full 2):
 PSYoungGen      total 173056K, used 7173K [0x00000000e0000000, 0x00000000eb900000, 0x0000000100000000)
  eden space 160768K, 0% used [0x00000000e0000000,0x00000000e0000000,0x00000000e9d00000)
  from space 12288K, 58% used [0x00000000ea880000,0x00000000eaf81708,0x00000000eb480000)
  to   space 11776K, 0% used [0x00000000e9d00000,0x00000000e9d00000,0x00000000ea880000)
 ParOldGen       total 84480K, used 18299K [0x00000000a0000000, 0x00000000a5280000, 0x00000000e0000000)
  object space 84480K, 21% used [0x00000000a0000000,0x00000000a11deca0,0x00000000a5280000)
 Metaspace       used 37934K, capacity 39556K, committed 39808K, reserved 1083392K
  class space    used 5190K, capacity 5495K, committed 5504K, reserved 1048576K
}
Event: 26.375 GC heap before
{Heap before GC invocations=13 (full 2):
 PSYoungGen      total 173056K, used 167941K [0x00000000e0000000, 0x00000000eb900000, 0x0000000100000000)
  eden space 160768K, 100% used [0x00000000e0000000,0x00000000e9d00000,0x00000000e9d00000)
  from space 12288K, 58% used [0x00000000ea880000,0x00000000eaf81708,0x00000000eb480000)
  to   space 11776K, 0% used [0x00000000e9d00000,0x00000000e9d00000,0x00000000ea880000)
 ParOldGen       total 84480K, used 18299K [0x00000000a0000000, 0x00000000a5280000, 0x00000000e0000000)
  object space 84480K, 21% used [0x00000000a0000000,0x00000000a11deca0,0x00000000a5280000)
 Metaspace       used 52560K, capacity 54644K, committed 54912K, reserved 1097728K
  class space    used 7034K, capacity 7467K, committed 7552K, reserved 1048576K
Event: 26.420 GC heap after
Heap after GC invocations=13 (full 2):
 PSYoungGen      total 172544K, used 11744K [0x00000000e0000000, 0x00000000ee980000, 0x0000000100000000)
  eden space 160768K, 0% used [0x00000000e0000000,0x00000000e0000000,0x00000000e9d00000)
  from space 11776K, 99% used [0x00000000e9d00000,0x00000000ea878178,0x00000000ea880000)
  to   space 16896K, 0% used [0x00000000ed900000,0x00000000ed900000,0x00000000ee980000)
 ParOldGen       total 84480K, used 28625K [0x00000000a0000000, 0x00000000a5280000, 0x00000000e0000000)
  object space 84480K, 33% used [0x00000000a0000000,0x00000000a1bf4430,0x00000000a5280000)
 Metaspace       used 52560K, capacity 54644K, committed 54912K, reserved 1097728K
  class space    used 7034K, capacity 7467K, committed 7552K, reserved 1048576K
}
Event: 29.421 GC heap before
{Heap before GC invocations=14 (full 2):
 PSYoungGen      total 172544K, used 81617K [0x00000000e0000000, 0x00000000ee980000, 0x0000000100000000)
  eden space 160768K, 43% used [0x00000000e0000000,0x00000000e443c4f0,0x00000000e9d00000)
  from space 11776K, 99% used [0x00000000e9d00000,0x00000000ea878178,0x00000000ea880000)
  to   space 16896K, 0% used [0x00000000ed900000,0x00000000ed900000,0x00000000ee980000)
 ParOldGen       total 84480K, used 28625K [0x00000000a0000000, 0x00000000a5280000, 0x00000000e0000000)
  object space 84480K, 33% used [0x00000000a0000000,0x00000000a1bf4430,0x00000000a5280000)
 Metaspace       used 56633K, capacity 58806K, committed 59096K, reserved 1099776K
  class space    used 7727K, capacity 8162K, committed 8192K, reserved 1048576K
Event: 29.475 GC heap after
Heap after GC invocations=14 (full 2):
 PSYoungGen      total 222720K, used 8766K [0x00000000e0000000, 0x00000000eeb00000, 0x0000000100000000)
  eden space 205824K, 0% used [0x00000000e0000000,0x00000000e0000000,0x00000000ec900000)
  from space 16896K, 51% used [0x00000000ed900000,0x00000000ee18fac0,0x00000000ee980000)
  to   space 16384K, 0% used [0x00000000ec900000,0x00000000ec900000,0x00000000ed900000)
 ParOldGen       total 84480K, used 39972K [0x00000000a0000000, 0x00000000a5280000, 0x00000000e0000000)
  object space 84480K, 47% used [0x00000000a0000000,0x00000000a2709328,0x00000000a5280000)
 Metaspace       used 56633K, capacity 58806K, committed 59096K, reserved 1099776K
  class space    used 7727K, capacity 8162K, committed 8192K, reserved 1048576K
}
Event: 29.475 GC heap before
{Heap before GC invocations=15 (full 3):
 PSYoungGen      total 222720K, used 8766K [0x00000000e0000000, 0x00000000eeb00000, 0x0000000100000000)
  eden space 205824K, 0% used [0x00000000e0000000,0x00000000e0000000,0x00000000ec900000)
  from space 16896K, 51% used [0x00000000ed900000,0x00000000ee18fac0,0x00000000ee980000)
  to   space 16384K, 0% used [0x00000000ec900000,0x00000000ec900000,0x00000000ed900000)
 ParOldGen       total 84480K, used 39972K [0x00000000a0000000, 0x00000000a5280000, 0x00000000e0000000)
  object space 84480K, 47% used [0x00000000a0000000,0x00000000a2709328,0x00000000a5280000)
 Metaspace       used 56633K, capacity 58806K, committed 59096K, reserved 1099776K
  class space    used 7727K, capacity 8162K, committed 8192K, reserved 1048576K
Event: 29.914 GC heap after
Heap after GC invocations=15 (full 3):
 PSYoungGen      total 222720K, used 0K [0x00000000e0000000, 0x00000000eeb00000, 0x0000000100000000)
  eden space 205824K, 0% used [0x00000000e0000000,0x00000000e0000000,0x00000000ec900000)
  from space 16896K, 0% used [0x00000000ed900000,0x00000000ed900000,0x00000000ee980000)
  to   space 16384K, 0% used [0x00000000ec900000,0x00000000ec900000,0x00000000ed900000)
 ParOldGen       total 129024K, used 33250K [0x00000000a0000000, 0x00000000a7e00000, 0x00000000e0000000)
  object space 129024K, 25% used [0x00000000a0000000,0x00000000a2078920,0x00000000a7e00000)
 Metaspace       used 56631K, capacity 58800K, committed 59096K, reserved 1099776K
  class space    used 7727K, capacity 8161K, committed 8192K, reserved 1048576K
}
Event: 39.285 GC heap before
{Heap before GC invocations=16 (full 3):
 PSYoungGen      total 222720K, used 205824K [0x00000000e0000000, 0x00000000eeb00000, 0x0000000100000000)
  eden space 205824K, 100% used [0x00000000e0000000,0x00000000ec900000,0x00000000ec900000)
  from space 16896K, 0% used [0x00000000ed900000,0x00000000ed900000,0x00000000ee980000)
  to   space 16384K, 0% used [0x00000000ec900000,0x00000000ec900000,0x00000000ed900000)
 ParOldGen       total 129024K, used 33250K [0x00000000a0000000, 0x00000000a7e00000, 0x00000000e0000000)
  object space 129024K, 25% used [0x00000000a0000000,0x00000000a2078920,0x00000000a7e00000)
 Metaspace       used 68939K, capacity 72026K, committed 72280K, reserved 1112064K
  class space    used 9437K, capacity 10012K, committed 10112K, reserved 1048576K
Event: 39.324 GC heap after
Heap after GC invocations=16 (full 3):
 PSYoungGen      total 222208K, used 16370K [0x00000000e0000000, 0x00000000eeb00000, 0x0000000100000000)
  eden space 205824K, 0% used [0x00000000e0000000,0x00000000e0000000,0x00000000ec900000)
  from space 16384K, 99% used [0x00000000ec900000,0x00000000ed8fcb98,0x00000000ed900000)
  to   space 16896K, 0% used [0x00000000ed900000,0x00000000ed900000,0x00000000ee980000)
 ParOldGen       total 129024K, used 35939K [0x00000000a0000000, 0x00000000a7e00000, 0x00000000e0000000)
  object space 129024K, 27% used [0x00000000a0000000,0x00000000a2318c78,0x00000000a7e00000)
 Metaspace       used 68939K, capacity 72026K, committed 72280K, reserved 1112064K
  class space    used 9437K, capacity 10012K, committed 10112K, reserved 1048576K
}

