# JRE version: OpenJDK Runtime Environment (8.0_242-b01) (build 1.8.0_242-release-1644-b01)
# Java VM: OpenJDK 64-Bit Server VM (25.242-b01 mixed mode windows-amd64 compressed oops)
Heap:
 PSYoungGen      total 662016K, used 634439K [0x00000000d5580000, 0x0000000100000000, 0x0000000100000000)
  eden space 625152K, 97% used [0x00000000d5580000,0x00000000faa41da0,0x00000000fb800000)
  from space 36864K, 63% used [0x00000000fdc00000,0x00000000ff2cfe98,0x0000000100000000)
  to   space 36864K, 0% used [0x00000000fb800000,0x00000000fb800000,0x00000000fdc00000)
 ParOldGen       total 215552K, used 173125K [0x0000000080000000, 0x000000008d280000, 0x00000000d5580000)
  object space 215552K, 80% used [0x0000000080000000,0x000000008a9116b8,0x000000008d280000)
 Metaspace       used 116261K, capacity 121894K, committed 124672K, reserved 1157120K
  class space    used 14773K, capacity 15803K, committed 16384K, reserved 1048576K
GC Heap History (10 events):
Event: 2634.064 GC heap before
{Heap before GC invocations=22 (full 4):
 PSYoungGen      total 596992K, used 596771K [0x00000000d5580000, 0x00000000fe400000, 0x0000000100000000)
  eden space 582656K, 100% used [0x00000000d5580000,0x00000000f8e80000,0x00000000f8e80000)
  from space 14336K, 98% used [0x00000000fb300000,0x00000000fc0c8f50,0x00000000fc100000)
  to   space 34304K, 0% used [0x00000000fc280000,0x00000000fc280000,0x00000000fe400000)
 ParOldGen       total 147968K, used 97240K [0x0000000080000000, 0x0000000089080000, 0x00000000d5580000)
  object space 147968K, 65% used [0x0000000080000000,0x0000000085ef60f0,0x0000000089080000)
 Metaspace       used 116371K, capacity 123348K, committed 123392K, reserved 1157120K
  class space    used 15091K, capacity 16379K, committed 16384K, reserved 1048576K
Event: 2634.318 GC heap after
Heap after GC invocations=22 (full 4):
 PSYoungGen      total 596992K, used 596771K [0x00000000d5580000, 0x00000000fe400000, 0x0000000100000000)
  eden space 582656K, 100% used [0x00000000d5580000,0x00000000f8e80000,0x00000000f8e80000)
  from space 14336K, 98% used [0x00000000fb300000,0x00000000fc0c8f50,0x00000000fc100000)
  to   space 34304K, 99% used [0x00000000fc280000,0x00000000fe3f9520,0x00000000fe400000)
 ParOldGen       total 160768K, used 160485K [0x0000000080000000, 0x0000000089d00000, 0x00000000d5580000)
  object space 160768K, 99% used [0x0000000080000000,0x0000000089cb94e0,0x0000000089d00000)
 Metaspace       used 116371K, capacity 123348K, committed 123392K, reserved 1157120K
  class space    used 15091K, capacity 16379K, committed 16384K, reserved 1048576K
}
Event: 2634.318 GC heap before
{Heap before GC invocations=23 (full 5):
 PSYoungGen      total 596992K, used 596771K [0x00000000d5580000, 0x00000000fe400000, 0x0000000100000000)
  eden space 582656K, 100% used [0x00000000d5580000,0x00000000f8e80000,0x00000000f8e80000)
  from space 14336K, 98% used [0x00000000fb300000,0x00000000fc0c8f50,0x00000000fc100000)
  to   space 34304K, 99% used [0x00000000fc280000,0x00000000fe3f9520,0x00000000fe400000)
 ParOldGen       total 160768K, used 160485K [0x0000000080000000, 0x0000000089d00000, 0x00000000d5580000)
  object space 160768K, 99% used [0x0000000080000000,0x0000000089cb94e0,0x0000000089d00000)
 Metaspace       used 116371K, capacity 123348K, committed 123392K, reserved 1157120K
  class space    used 15091K, capacity 16379K, committed 16384K, reserved 1048576K
Event: 2635.065 GC heap after
Heap after GC invocations=23 (full 5):
 PSYoungGen      total 596992K, used 0K [0x00000000d5580000, 0x00000000fe400000, 0x0000000100000000)
  eden space 582656K, 0% used [0x00000000d5580000,0x00000000d5580000,0x00000000f8e80000)
  from space 14336K, 0% used [0x00000000fb300000,0x00000000fb300000,0x00000000fc100000)
  to   space 34304K, 0% used [0x00000000fc280000,0x00000000fc280000,0x00000000fe400000)
 ParOldGen       total 215552K, used 145204K [0x0000000080000000, 0x000000008d280000, 0x00000000d5580000)
  object space 215552K, 67% used [0x0000000080000000,0x0000000088dcd2a0,0x000000008d280000)
 Metaspace       used 114895K, capacity 120386K, committed 123392K, reserved 1157120K
  class space    used 14734K, capacity 15747K, committed 16384K, reserved 1048576K
}
Event: 2637.335 GC heap before
{Heap before GC invocations=24 (full 5):
 PSYoungGen      total 596992K, used 582656K [0x00000000d5580000, 0x00000000fe400000, 0x0000000100000000)
  eden space 582656K, 100% used [0x00000000d5580000,0x00000000f8e80000,0x00000000f8e80000)
  from space 14336K, 0% used [0x00000000fb300000,0x00000000fb300000,0x00000000fc100000)
  to   space 34304K, 0% used [0x00000000fc280000,0x00000000fc280000,0x00000000fe400000)
 ParOldGen       total 215552K, used 145204K [0x0000000080000000, 0x000000008d280000, 0x00000000d5580000)
  object space 215552K, 67% used [0x0000000080000000,0x0000000088dcd2a0,0x000000008d280000)
 Metaspace       used 115702K, capacity 121262K, committed 124160K, reserved 1157120K
  class space    used 14767K, capacity 15797K, committed 16384K, reserved 1048576K
Event: 2637.375 GC heap after
Heap after GC invocations=24 (full 5):
 PSYoungGen      total 634880K, used 24194K [0x00000000d5580000, 0x0000000100000000, 0x0000000100000000)
  eden space 600576K, 0% used [0x00000000d5580000,0x00000000d5580000,0x00000000fa000000)
  from space 34304K, 70% used [0x00000000fc280000,0x00000000fda20868,0x00000000fe400000)
  to   space 35328K, 0% used [0x00000000fa000000,0x00000000fa000000,0x00000000fc280000)
 ParOldGen       total 215552K, used 145212K [0x0000000080000000, 0x000000008d280000, 0x00000000d5580000)
  object space 215552K, 67% used [0x0000000080000000,0x0000000088dcf2a0,0x000000008d280000)
 Metaspace       used 115702K, capacity 121262K, committed 124160K, reserved 1157120K
  class space    used 14767K, capacity 15797K, committed 16384K, reserved 1048576K
}
Event: 2638.973 GC heap before
{Heap before GC invocations=25 (full 5):
 PSYoungGen      total 634880K, used 624770K [0x00000000d5580000, 0x0000000100000000, 0x0000000100000000)
  eden space 600576K, 100% used [0x00000000d5580000,0x00000000fa000000,0x00000000fa000000)
  from space 34304K, 70% used [0x00000000fc280000,0x00000000fda20868,0x00000000fe400000)
  to   space 35328K, 0% used [0x00000000fa000000,0x00000000fa000000,0x00000000fc280000)
 ParOldGen       total 215552K, used 145212K [0x0000000080000000, 0x000000008d280000, 0x00000000d5580000)
  object space 215552K, 67% used [0x0000000080000000,0x0000000088dcf2a0,0x000000008d280000)
 Metaspace       used 116035K, capacity 121684K, committed 124416K, reserved 1157120K
  class space    used 14770K, capacity 15802K, committed 16384K, reserved 1048576K
Event: 2639.029 GC heap after
Heap after GC invocations=25 (full 5):
 PSYoungGen      total 635904K, used 24579K [0x00000000d5580000, 0x0000000100000000, 0x0000000100000000)
  eden space 600576K, 0% used [0x00000000d5580000,0x00000000d5580000,0x00000000fa000000)
  from space 35328K, 69% used [0x00000000fa000000,0x00000000fb800cf0,0x00000000fc280000)
  to   space 36864K, 0% used [0x00000000fdc00000,0x00000000fdc00000,0x0000000100000000)
 ParOldGen       total 215552K, used 158521K [0x0000000080000000, 0x000000008d280000, 0x00000000d5580000)
  object space 215552K, 73% used [0x0000000080000000,0x0000000089ace798,0x000000008d280000)
 Metaspace       used 116035K, capacity 121684K, committed 124416K, reserved 1157120K
  class space    used 14770K, capacity 15802K, committed 16384K, reserved 1048576K
}
Event: 2640.245 GC heap before
{Heap before GC invocations=26 (full 5):
 PSYoungGen      total 635904K, used 625155K [0x00000000d5580000, 0x0000000100000000, 0x0000000100000000)
  eden space 600576K, 100% used [0x00000000d5580000,0x00000000fa000000,0x00000000fa000000)
  from space 35328K, 69% used [0x00000000fa000000,0x00000000fb800cf0,0x00000000fc280000)
  to   space 36864K, 0% used [0x00000000fdc00000,0x00000000fdc00000,0x0000000100000000)
 ParOldGen       total 215552K, used 158521K [0x0000000080000000, 0x000000008d280000, 0x00000000d5580000)
  object space 215552K, 73% used [0x0000000080000000,0x0000000089ace798,0x000000008d280000)
 Metaspace       used 116149K, capacity 121764K, committed 124416K, reserved 1157120K
  class space    used 14771K, capacity 15802K, committed 16384K, reserved 1048576K
Event: 2640.306 GC heap after
Heap after GC invocations=26 (full 5):
 PSYoungGen      total 662016K, used 23359K [0x00000000d5580000, 0x0000000100000000, 0x0000000100000000)
  eden space 625152K, 0% used [0x00000000d5580000,0x00000000d5580000,0x00000000fb800000)
  from space 36864K, 63% used [0x00000000fdc00000,0x00000000ff2cfe98,0x0000000100000000)
  to   space 36864K, 0% used [0x00000000fb800000,0x00000000fb800000,0x00000000fdc00000)
 ParOldGen       total 215552K, used 173125K [0x0000000080000000, 0x000000008d280000, 0x00000000d5580000)
  object space 215552K, 80% used [0x0000000080000000,0x000000008a9116b8,0x000000008d280000)
 Metaspace       used 116149K, capacity 121764K, committed 124416K, reserved 1157120K
  class space    used 14771K, capacity 15802K, committed 16384K, reserved 1048576K
}

