# JRE version: OpenJDK Runtime Environment (8.0_242-b01) (build 1.8.0_242-release-1644-b01)
# Java VM: OpenJDK 64-Bit Server VM (25.242-b01 mixed mode windows-amd64 compressed oops)
Heap:
 PSYoungGen      total 630784K, used 402899K [0x00000000d5580000, 0x00000000ff600000, 0x0000000100000000)
  eden space 573952K, 67% used [0x00000000d5580000,0x00000000ecd3e0f8,0x00000000f8600000)
  from space 56832K, 31% used [0x00000000fbe80000,0x00000000fd036e80,0x00000000ff600000)
  to   space 57344K, 0% used [0x00000000f8600000,0x00000000f8600000,0x00000000fbe00000)
 ParOldGen       total 257536K, used 144234K [0x0000000080000000, 0x000000008fb80000, 0x00000000d5580000)
  object space 257536K, 56% used [0x0000000080000000,0x0000000088cda940,0x000000008fb80000)
 Metaspace       used 102848K, capacity 107438K, committed 107864K, reserved 1142784K
  class space    used 13122K, capacity 13958K, committed 14208K, reserved 1048576K
GC Heap History (10 events):
Event: 189.394 GC heap before
{Heap before GC invocations=66 (full 5):
 PSYoungGen      total 622592K, used 565705K [0x00000000d5580000, 0x00000000ffc00000, 0x0000000100000000)
  eden space 555520K, 100% used [0x00000000d5580000,0x00000000f7400000,0x00000000f7400000)
  from space 67072K, 15% used [0x00000000fba80000,0x00000000fc472650,0x00000000ffc00000)
  to   space 69632K, 0% used [0x00000000f7400000,0x00000000f7400000,0x00000000fb800000)
 ParOldGen       total 253440K, used 200981K [0x0000000080000000, 0x000000008f780000, 0x00000000d5580000)
  object space 253440K, 79% used [0x0000000080000000,0x000000008c4455b0,0x000000008f780000)
 Metaspace       used 102537K, capacity 107122K, committed 107608K, reserved 1142784K
  class space    used 13097K, capacity 13934K, committed 14208K, reserved 1048576K
Event: 189.462 GC heap after
Heap after GC invocations=66 (full 5):
 PSYoungGen      total 625152K, used 15293K [0x00000000d5580000, 0x00000000ffc80000, 0x0000000100000000)
  eden space 555520K, 0% used [0x00000000d5580000,0x00000000d5580000,0x00000000f7400000)
  from space 69632K, 21% used [0x00000000f7400000,0x00000000f82ef600,0x00000000fb800000)
  to   space 66560K, 0% used [0x00000000fbb80000,0x00000000fbb80000,0x00000000ffc80000)
 ParOldGen       total 253440K, used 210302K [0x0000000080000000, 0x000000008f780000, 0x00000000d5580000)
  object space 253440K, 82% used [0x0000000080000000,0x000000008cd5fa08,0x000000008f780000)
 Metaspace       used 102537K, capacity 107122K, committed 107608K, reserved 1142784K
  class space    used 13097K, capacity 13934K, committed 14208K, reserved 1048576K
}
Event: 191.070 GC heap before
{Heap before GC invocations=67 (full 5):
 PSYoungGen      total 625152K, used 570813K [0x00000000d5580000, 0x00000000ffc80000, 0x0000000100000000)
  eden space 555520K, 100% used [0x00000000d5580000,0x00000000f7400000,0x00000000f7400000)
  from space 69632K, 21% used [0x00000000f7400000,0x00000000f82ef600,0x00000000fb800000)
  to   space 66560K, 0% used [0x00000000fbb80000,0x00000000fbb80000,0x00000000ffc80000)
 ParOldGen       total 253440K, used 210302K [0x0000000080000000, 0x000000008f780000, 0x00000000d5580000)
  object space 253440K, 82% used [0x0000000080000000,0x000000008cd5fa08,0x000000008f780000)
 Metaspace       used 102592K, capacity 107228K, committed 107864K, reserved 1142784K
  class space    used 13108K, capacity 13953K, committed 14208K, reserved 1048576K
Event: 191.121 GC heap after
Heap after GC invocations=67 (full 5):
 PSYoungGen      total 625664K, used 10928K [0x00000000d5580000, 0x00000000ff900000, 0x0000000100000000)
  eden space 562688K, 0% used [0x00000000d5580000,0x00000000d5580000,0x00000000f7b00000)
  from space 62976K, 17% used [0x00000000fbb80000,0x00000000fc62c3e8,0x00000000ff900000)
  to   space 64512K, 0% used [0x00000000f7b00000,0x00000000f7b00000,0x00000000fba00000)
 ParOldGen       total 253440K, used 223925K [0x0000000080000000, 0x000000008f780000, 0x00000000d5580000)
  object space 253440K, 88% used [0x0000000080000000,0x000000008daad548,0x000000008f780000)
 Metaspace       used 102592K, capacity 107228K, committed 107864K, reserved 1142784K
  class space    used 13108K, capacity 13953K, committed 14208K, reserved 1048576K
}
Event: 192.535 GC heap before
{Heap before GC invocations=68 (full 5):
 PSYoungGen      total 625664K, used 573616K [0x00000000d5580000, 0x00000000ff900000, 0x0000000100000000)
  eden space 562688K, 100% used [0x00000000d5580000,0x00000000f7b00000,0x00000000f7b00000)
  from space 62976K, 17% used [0x00000000fbb80000,0x00000000fc62c3e8,0x00000000ff900000)
  to   space 64512K, 0% used [0x00000000f7b00000,0x00000000f7b00000,0x00000000fba00000)
 ParOldGen       total 253440K, used 223925K [0x0000000080000000, 0x000000008f780000, 0x00000000d5580000)
  object space 253440K, 88% used [0x0000000080000000,0x000000008daad548,0x000000008f780000)
 Metaspace       used 102654K, capacity 107240K, committed 107864K, reserved 1142784K
  class space    used 13108K, capacity 13953K, committed 14208K, reserved 1048576K
Event: 192.607 GC heap after
Heap after GC invocations=68 (full 5):
 PSYoungGen      total 627200K, used 23238K [0x00000000d5580000, 0x00000000ff980000, 0x0000000100000000)
  eden space 562688K, 0% used [0x00000000d5580000,0x00000000d5580000,0x00000000f7b00000)
  from space 64512K, 36% used [0x00000000f7b00000,0x00000000f91b1840,0x00000000fba00000)
  to   space 60416K, 0% used [0x00000000fbe80000,0x00000000fbe80000,0x00000000ff980000)
 ParOldGen       total 253440K, used 231379K [0x0000000080000000, 0x000000008f780000, 0x00000000d5580000)
  object space 253440K, 91% used [0x0000000080000000,0x000000008e1f4c50,0x000000008f780000)
 Metaspace       used 102654K, capacity 107240K, committed 107864K, reserved 1142784K
  class space    used 13108K, capacity 13953K, committed 14208K, reserved 1048576K
}
Event: 192.607 GC heap before
{Heap before GC invocations=69 (full 6):
 PSYoungGen      total 627200K, used 23238K [0x00000000d5580000, 0x00000000ff980000, 0x0000000100000000)
  eden space 562688K, 0% used [0x00000000d5580000,0x00000000d5580000,0x00000000f7b00000)
  from space 64512K, 36% used [0x00000000f7b00000,0x00000000f91b1840,0x00000000fba00000)
  to   space 60416K, 0% used [0x00000000fbe80000,0x00000000fbe80000,0x00000000ff980000)
 ParOldGen       total 253440K, used 231379K [0x0000000080000000, 0x000000008f780000, 0x00000000d5580000)
  object space 253440K, 91% used [0x0000000080000000,0x000000008e1f4c50,0x000000008f780000)
 Metaspace       used 102654K, capacity 107240K, committed 107864K, reserved 1142784K
  class space    used 13108K, capacity 13953K, committed 14208K, reserved 1048576K
Event: 193.135 GC heap after
Heap after GC invocations=69 (full 6):
 PSYoungGen      total 627200K, used 0K [0x00000000d5580000, 0x00000000ff980000, 0x0000000100000000)
  eden space 562688K, 0% used [0x00000000d5580000,0x00000000d5580000,0x00000000f7b00000)
  from space 64512K, 0% used [0x00000000f7b00000,0x00000000f7b00000,0x00000000fba00000)
  to   space 60416K, 0% used [0x00000000fbe80000,0x00000000fbe80000,0x00000000ff980000)
 ParOldGen       total 257536K, used 144226K [0x0000000080000000, 0x000000008fb80000, 0x00000000d5580000)
  object space 257536K, 56% used [0x0000000080000000,0x0000000088cd8940,0x000000008fb80000)
 Metaspace       used 102654K, capacity 107240K, committed 107864K, reserved 1142784K
  class space    used 13108K, capacity 13953K, committed 14208K, reserved 1048576K
}
Event: 195.246 GC heap before
{Heap before GC invocations=70 (full 6):
 PSYoungGen      total 627200K, used 562688K [0x00000000d5580000, 0x00000000ff980000, 0x0000000100000000)
  eden space 562688K, 100% used [0x00000000d5580000,0x00000000f7b00000,0x00000000f7b00000)
  from space 64512K, 0% used [0x00000000f7b00000,0x00000000f7b00000,0x00000000fba00000)
  to   space 60416K, 0% used [0x00000000fbe80000,0x00000000fbe80000,0x00000000ff980000)
 ParOldGen       total 257536K, used 144226K [0x0000000080000000, 0x000000008fb80000, 0x00000000d5580000)
  object space 257536K, 56% used [0x0000000080000000,0x0000000088cd8940,0x000000008fb80000)
 Metaspace       used 102696K, capacity 107346K, committed 107864K, reserved 1142784K
  class space    used 13109K, capacity 13954K, committed 14208K, reserved 1048576K
Event: 195.293 GC heap after
Heap after GC invocations=70 (full 6):
 PSYoungGen      total 630784K, used 18139K [0x00000000d5580000, 0x00000000ff600000, 0x0000000100000000)
  eden space 573952K, 0% used [0x00000000d5580000,0x00000000d5580000,0x00000000f8600000)
  from space 56832K, 31% used [0x00000000fbe80000,0x00000000fd036e80,0x00000000ff600000)
  to   space 57344K, 0% used [0x00000000f8600000,0x00000000f8600000,0x00000000fbe00000)
 ParOldGen       total 257536K, used 144234K [0x0000000080000000, 0x000000008fb80000, 0x00000000d5580000)
  object space 257536K, 56% used [0x0000000080000000,0x0000000088cda940,0x000000008fb80000)
 Metaspace       used 102696K, capacity 107346K, committed 107864K, reserved 1142784K
  class space    used 13109K, capacity 13954K, committed 14208K, reserved 1048576K
}

