# JRE version: OpenJDK Runtime Environment (8.0_242-b01) (build 1.8.0_242-release-1644-b01)
# Java VM: OpenJDK 64-Bit Server VM (25.242-b01 mixed mode windows-amd64 compressed oops)
Heap:
 PSYoungGen      total 329728K, used 46297K [0x00000000d5580000, 0x00000000eb380000, 0x0000000100000000)
  eden space 301056K, 14% used [0x00000000d5580000,0x00000000d8139038,0x00000000e7b80000)
  from space 28672K, 5% used [0x00000000e7b80000,0x00000000e7cfd768,0x00000000e9780000)
  to   space 22528K, 0% used [0x00000000e9d80000,0x00000000e9d80000,0x00000000eb380000)
 ParOldGen       total 133120K, used 132987K [0x0000000080000000, 0x0000000088200000, 0x00000000d5580000)
  object space 133120K, 99% used [0x0000000080000000,0x00000000881dece8,0x0000000088200000)
 Metaspace       used 81016K, capacity 84824K, committed 85144K, reserved 1122304K
  class space    used 11088K, capacity 11833K, committed 11936K, reserved 1048576K
GC Heap History (10 events):
Event: 13.505 GC heap before
{Heap before GC invocations=15 (full 3):
 PSYoungGen      total 260608K, used 3028K [0x00000000d5580000, 0x00000000e6b80000, 0x0000000100000000)
  eden space 241152K, 0% used [0x00000000d5580000,0x00000000d5580000,0x00000000e4100000)
  from space 19456K, 15% used [0x00000000e5400000,0x00000000e56f5220,0x00000000e6700000)
  to   space 19456K, 0% used [0x00000000e4100000,0x00000000e4100000,0x00000000e5400000)
 ParOldGen       total 69632K, used 42610K [0x0000000080000000, 0x0000000084400000, 0x00000000d5580000)
  object space 69632K, 61% used [0x0000000080000000,0x000000008299c8a8,0x0000000084400000)
 Metaspace       used 56757K, capacity 59090K, committed 59160K, reserved 1099776K
  class space    used 7687K, capacity 8164K, committed 8224K, reserved 1048576K
Event: 13.785 GC heap after
Heap after GC invocations=15 (full 3):
 PSYoungGen      total 260608K, used 0K [0x00000000d5580000, 0x00000000e6b80000, 0x0000000100000000)
  eden space 241152K, 0% used [0x00000000d5580000,0x00000000d5580000,0x00000000e4100000)
  from space 19456K, 0% used [0x00000000e5400000,0x00000000e5400000,0x00000000e6700000)
  to   space 19456K, 0% used [0x00000000e4100000,0x00000000e4100000,0x00000000e5400000)
 ParOldGen       total 103936K, used 30851K [0x0000000080000000, 0x0000000086580000, 0x00000000d5580000)
  object space 103936K, 29% used [0x0000000080000000,0x0000000081e20fc8,0x0000000086580000)
 Metaspace       used 56714K, capacity 58946K, committed 59160K, reserved 1099776K
  class space    used 7674K, capacity 8140K, committed 8224K, reserved 1048576K
}
Event: 18.545 GC heap before
{Heap before GC invocations=16 (full 3):
 PSYoungGen      total 260608K, used 240796K [0x00000000d5580000, 0x00000000e6b80000, 0x0000000100000000)
  eden space 241152K, 99% used [0x00000000d5580000,0x00000000e40a7098,0x00000000e4100000)
  from space 19456K, 0% used [0x00000000e5400000,0x00000000e5400000,0x00000000e6700000)
  to   space 19456K, 0% used [0x00000000e4100000,0x00000000e4100000,0x00000000e5400000)
 ParOldGen       total 103936K, used 30851K [0x0000000080000000, 0x0000000086580000, 0x00000000d5580000)
  object space 103936K, 29% used [0x0000000080000000,0x0000000081e20fc8,0x0000000086580000)
 Metaspace       used 67279K, capacity 70338K, committed 70552K, reserved 1110016K
  class space    used 9231K, capacity 9818K, committed 9888K, reserved 1048576K
Event: 18.582 GC heap after
Heap after GC invocations=16 (full 3):
 PSYoungGen      total 260608K, used 19454K [0x00000000d5580000, 0x00000000eb980000, 0x0000000100000000)
  eden space 241152K, 0% used [0x00000000d5580000,0x00000000d5580000,0x00000000e4100000)
  from space 19456K, 99% used [0x00000000e4100000,0x00000000e53ff8f0,0x00000000e5400000)
  to   space 28672K, 0% used [0x00000000e9d80000,0x00000000e9d80000,0x00000000eb980000)
 ParOldGen       total 103936K, used 46795K [0x0000000080000000, 0x0000000086580000, 0x00000000d5580000)
  object space 103936K, 45% used [0x0000000080000000,0x0000000082db2f98,0x0000000086580000)
 Metaspace       used 67279K, capacity 70338K, committed 70552K, reserved 1110016K
  class space    used 9231K, capacity 9818K, committed 9888K, reserved 1048576K
}
Event: 23.225 GC heap before
{Heap before GC invocations=17 (full 3):
 PSYoungGen      total 260608K, used 260606K [0x00000000d5580000, 0x00000000eb980000, 0x0000000100000000)
  eden space 241152K, 100% used [0x00000000d5580000,0x00000000e4100000,0x00000000e4100000)
  from space 19456K, 99% used [0x00000000e4100000,0x00000000e53ff8f0,0x00000000e5400000)
  to   space 28672K, 0% used [0x00000000e9d80000,0x00000000e9d80000,0x00000000eb980000)
 ParOldGen       total 103936K, used 46795K [0x0000000080000000, 0x0000000086580000, 0x00000000d5580000)
  object space 103936K, 45% used [0x0000000080000000,0x0000000082db2f98,0x0000000086580000)
 Metaspace       used 73274K, capacity 76600K, committed 76696K, reserved 1116160K
  class space    used 9936K, capacity 10575K, committed 10656K, reserved 1048576K
Event: 23.263 GC heap after
Heap after GC invocations=17 (full 3):
 PSYoungGen      total 323584K, used 16036K [0x00000000d5580000, 0x00000000eb380000, 0x0000000100000000)
  eden space 301056K, 0% used [0x00000000d5580000,0x00000000d5580000,0x00000000e7b80000)
  from space 22528K, 71% used [0x00000000e9d80000,0x00000000ead29090,0x00000000eb380000)
  to   space 28672K, 0% used [0x00000000e7b80000,0x00000000e7b80000,0x00000000e9780000)
 ParOldGen       total 103936K, used 65006K [0x0000000080000000, 0x0000000086580000, 0x00000000d5580000)
  object space 103936K, 62% used [0x0000000080000000,0x0000000083f7bbb0,0x0000000086580000)
 Metaspace       used 73274K, capacity 76600K, committed 76696K, reserved 1116160K
  class space    used 9936K, capacity 10575K, committed 10656K, reserved 1048576K
}
Event: 28.124 GC heap before
{Heap before GC invocations=18 (full 3):
 PSYoungGen      total 323584K, used 317092K [0x00000000d5580000, 0x00000000eb380000, 0x0000000100000000)
  eden space 301056K, 100% used [0x00000000d5580000,0x00000000e7b80000,0x00000000e7b80000)
  from space 22528K, 71% used [0x00000000e9d80000,0x00000000ead29090,0x00000000eb380000)
  to   space 28672K, 0% used [0x00000000e7b80000,0x00000000e7b80000,0x00000000e9780000)
 ParOldGen       total 103936K, used 65006K [0x0000000080000000, 0x0000000086580000, 0x00000000d5580000)
  object space 103936K, 62% used [0x0000000080000000,0x0000000083f7bbb0,0x0000000086580000)
 Metaspace       used 80956K, capacity 84996K, committed 85144K, reserved 1122304K
  class space    used 11114K, capacity 11883K, committed 11936K, reserved 1048576K
Event: 28.237 GC heap after
Heap after GC invocations=18 (full 3):
 PSYoungGen      total 329728K, used 28665K [0x00000000d5580000, 0x00000000eb380000, 0x0000000100000000)
  eden space 301056K, 0% used [0x00000000d5580000,0x00000000d5580000,0x00000000e7b80000)
  from space 28672K, 99% used [0x00000000e7b80000,0x00000000e977e760,0x00000000e9780000)
  to   space 22528K, 0% used [0x00000000e9d80000,0x00000000e9d80000,0x00000000eb380000)
 ParOldGen       total 133120K, used 133100K [0x0000000080000000, 0x0000000088200000, 0x00000000d5580000)
  object space 133120K, 99% used [0x0000000080000000,0x00000000881fb078,0x0000000088200000)
 Metaspace       used 80956K, capacity 84996K, committed 85144K, reserved 1122304K
  class space    used 11114K, capacity 11883K, committed 11936K, reserved 1048576K
}
Event: 28.237 GC heap before
{Heap before GC invocations=19 (full 4):
 PSYoungGen      total 329728K, used 28665K [0x00000000d5580000, 0x00000000eb380000, 0x0000000100000000)
  eden space 301056K, 0% used [0x00000000d5580000,0x00000000d5580000,0x00000000e7b80000)
  from space 28672K, 99% used [0x00000000e7b80000,0x00000000e977e760,0x00000000e9780000)
  to   space 22528K, 0% used [0x00000000e9d80000,0x00000000e9d80000,0x00000000eb380000)
 ParOldGen       total 133120K, used 133100K [0x0000000080000000, 0x0000000088200000, 0x00000000d5580000)
  object space 133120K, 99% used [0x0000000080000000,0x00000000881fb078,0x0000000088200000)
 Metaspace       used 80956K, capacity 84996K, committed 85144K, reserved 1122304K
  class space    used 11114K, capacity 11883K, committed 11936K, reserved 1048576K
Event: 29.301 GC heap after
Heap after GC invocations=19 (full 4):
 PSYoungGen      total 329728K, used 1525K [0x00000000d5580000, 0x00000000eb380000, 0x0000000100000000)
  eden space 301056K, 0% used [0x00000000d5580000,0x00000000d5580000,0x00000000e7b80000)
  from space 28672K, 5% used [0x00000000e7b80000,0x00000000e7cfd768,0x00000000e9780000)
  to   space 22528K, 0% used [0x00000000e9d80000,0x00000000e9d80000,0x00000000eb380000)
 ParOldGen       total 133120K, used 132987K [0x0000000080000000, 0x0000000088200000, 0x00000000d5580000)
  object space 133120K, 99% used [0x0000000080000000,0x00000000881dece8,0x0000000088200000)
 Metaspace       used 80806K, capacity 84542K, committed 85144K, reserved 1122304K
  class space    used 11064K, capacity 11796K, committed 11936K, reserved 1048576K
}

